[0.006s] Invoking command in '/home/jecs/ros2_ws/build/realsense2_camera': CMAKE_PREFIX_PATH=/home/jecs/ros2_ws/install/realsense2_camera_msgs:/home/jecs/ros2_ws/install/realsense2_description:/home/jecs/ros2_ws/install/realsense2_camera:/home/jecs/ros2_ws/install/test_depth:/opt/ros/humble LD_LIBRARY_PATH=/home/jecs/ros2_ws/install/realsense2_camera_msgs/lib:/home/jecs/ros2_ws/install/realsense2_camera/lib:/opt/ros/humble/opt/rviz_ogre_vendor/lib:/opt/ros/humble/lib/x86_64-linux-gnu:/opt/ros/humble/lib /usr/bin/cmake --build /home/jecs/ros2_ws/build/realsense2_camera -- -j8 -l8
[0.043s] [ 25%] Built target realsense2_camera_node
[0.048s] [100%] Built target realsense2_camera
[0.060s] Invoked command in '/home/jecs/ros2_ws/build/realsense2_camera' returned '0': CMAKE_PREFIX_PATH=/home/jecs/ros2_ws/install/realsense2_camera_msgs:/home/jecs/ros2_ws/install/realsense2_description:/home/jecs/ros2_ws/install/realsense2_camera:/home/jecs/ros2_ws/install/test_depth:/opt/ros/humble LD_LIBRARY_PATH=/home/jecs/ros2_ws/install/realsense2_camera_msgs/lib:/home/jecs/ros2_ws/install/realsense2_camera/lib:/opt/ros/humble/opt/rviz_ogre_vendor/lib:/opt/ros/humble/lib/x86_64-linux-gnu:/opt/ros/humble/lib /usr/bin/cmake --build /home/jecs/ros2_ws/build/realsense2_camera -- -j8 -l8
[0.061s] Invoking command in '/home/jecs/ros2_ws/build/realsense2_camera': CMAKE_PREFIX_PATH=/home/jecs/ros2_ws/install/realsense2_camera_msgs:/home/jecs/ros2_ws/install/realsense2_description:/home/jecs/ros2_ws/install/realsense2_camera:/home/jecs/ros2_ws/install/test_depth:/opt/ros/humble LD_LIBRARY_PATH=/home/jecs/ros2_ws/install/realsense2_camera_msgs/lib:/home/jecs/ros2_ws/install/realsense2_camera/lib:/opt/ros/humble/opt/rviz_ogre_vendor/lib:/opt/ros/humble/lib/x86_64-linux-gnu:/opt/ros/humble/lib /usr/bin/cmake --install /home/jecs/ros2_ws/build/realsense2_camera
[0.066s] -- Install configuration: "Release"
[0.066s] -- Execute custom install script
[0.066s] -- Up-to-date symlink: /home/jecs/ros2_ws/install/realsense2_camera/lib/realsense2_camera/realsense2_camera_node
[0.066s] -- Up-to-date symlink: /home/jecs/ros2_ws/install/realsense2_camera/lib/librealsense2_camera.so
[0.067s] -- Up-to-date symlink: /home/jecs/ros2_ws/install/realsense2_camera/include/base_realsense_node.h
[0.067s] -- Up-to-date symlink: /home/jecs/ros2_ws/install/realsense2_camera/include/constants.h
[0.067s] -- Up-to-date symlink: /home/jecs/ros2_ws/install/realsense2_camera/include/dynamic_params.h
[0.067s] -- Up-to-date symlink: /home/jecs/ros2_ws/install/realsense2_camera/include/realsense_node_factory.h
[0.067s] -- Up-to-date symlink: /home/jecs/ros2_ws/install/realsense2_camera/include/ros_param_backend.h
[0.067s] -- Up-to-date symlink: /home/jecs/ros2_ws/install/realsense2_camera/include/t265_realsense_node.h
[0.067s] -- Up-to-date symlink: /home/jecs/ros2_ws/install/realsense2_camera/share/realsense2_camera/launch/default.rviz
[0.067s] -- Up-to-date symlink: /home/jecs/ros2_ws/install/realsense2_camera/share/realsense2_camera/launch/demo_pointcloud_launch.py
[0.067s] -- Up-to-date symlink: /home/jecs/ros2_ws/install/realsense2_camera/share/realsense2_camera/launch/demo_t265_launch.py
[0.067s] -- Up-to-date symlink: /home/jecs/ros2_ws/install/realsense2_camera/share/realsense2_camera/launch/rs_d400_and_t265_launch.py
[0.067s] -- Up-to-date symlink: /home/jecs/ros2_ws/install/realsense2_camera/share/realsense2_camera/launch/rs_launch.py
[0.068s] -- Up-to-date symlink: /home/jecs/ros2_ws/install/realsense2_camera/share/realsense2_camera/launch/rs_multi_camera_launch.py
[0.068s] -- Up-to-date symlink: /home/jecs/ros2_ws/install/realsense2_camera/share/realsense2_camera/launch/rs_t265_launch.py
[0.068s] -- Up-to-date symlink: /home/jecs/ros2_ws/install/realsense2_camera/share/realsense2_camera/config/d435i.yaml
[0.068s] -- Up-to-date symlink: /home/jecs/ros2_ws/install/realsense2_camera/share/realsense2_camera/rviz/pointcloud.rviz
[0.068s] -- Up-to-date symlink: /home/jecs/ros2_ws/install/realsense2_camera/share/realsense2_camera/rviz/t265.rviz
[0.068s] -- Up-to-date symlink: /home/jecs/ros2_ws/install/realsense2_camera/share/realsense2_camera/environment/library_path.sh
[0.068s] -- Up-to-date symlink: /home/jecs/ros2_ws/install/realsense2_camera/share/realsense2_camera/environment/library_path.dsv
[0.068s] -- Up-to-date symlink: /home/jecs/ros2_ws/install/realsense2_camera/share/ament_index/resource_index/package_run_dependencies/realsense2_camera
[0.068s] -- Up-to-date symlink: /home/jecs/ros2_ws/install/realsense2_camera/share/ament_index/resource_index/parent_prefix_path/realsense2_camera
[0.068s] -- Up-to-date symlink: /home/jecs/ros2_ws/install/realsense2_camera/share/realsense2_camera/environment/ament_prefix_path.sh
[0.068s] -- Up-to-date symlink: /home/jecs/ros2_ws/install/realsense2_camera/share/realsense2_camera/environment/ament_prefix_path.dsv
[0.068s] -- Up-to-date symlink: /home/jecs/ros2_ws/install/realsense2_camera/share/realsense2_camera/environment/path.sh
[0.069s] -- Up-to-date symlink: /home/jecs/ros2_ws/install/realsense2_camera/share/realsense2_camera/environment/path.dsv
[0.069s] -- Up-to-date symlink: /home/jecs/ros2_ws/install/realsense2_camera/share/realsense2_camera/local_setup.bash
[0.069s] -- Up-to-date symlink: /home/jecs/ros2_ws/install/realsense2_camera/share/realsense2_camera/local_setup.sh
[0.069s] -- Up-to-date symlink: /home/jecs/ros2_ws/install/realsense2_camera/share/realsense2_camera/local_setup.zsh
[0.069s] -- Up-to-date symlink: /home/jecs/ros2_ws/install/realsense2_camera/share/realsense2_camera/local_setup.dsv
[0.069s] -- Symlinking: /home/jecs/ros2_ws/install/realsense2_camera/share/realsense2_camera/package.dsv
[0.075s] -- Up-to-date symlink: /home/jecs/ros2_ws/install/realsense2_camera/share/ament_index/resource_index/packages/realsense2_camera
[0.075s] -- Up-to-date symlink: /home/jecs/ros2_ws/install/realsense2_camera/share/ament_index/resource_index/rclcpp_components/realsense2_camera
[0.075s] -- Up-to-date symlink: /home/jecs/ros2_ws/install/realsense2_camera/share/realsense2_camera/cmake/ament_cmake_export_include_directories-extras.cmake
[0.075s] -- Up-to-date symlink: /home/jecs/ros2_ws/install/realsense2_camera/share/realsense2_camera/cmake/ament_cmake_export_libraries-extras.cmake
[0.076s] -- Up-to-date symlink: /home/jecs/ros2_ws/install/realsense2_camera/share/realsense2_camera/cmake/ament_cmake_export_dependencies-extras.cmake
[0.076s] -- Up-to-date symlink: /home/jecs/ros2_ws/install/realsense2_camera/share/realsense2_camera/cmake/realsense2_cameraConfig.cmake
[0.076s] -- Up-to-date symlink: /home/jecs/ros2_ws/install/realsense2_camera/share/realsense2_camera/cmake/realsense2_cameraConfig-version.cmake
[0.076s] -- Up-to-date symlink: /home/jecs/ros2_ws/install/realsense2_camera/share/realsense2_camera/package.xml
[0.077s] Invoked command in '/home/jecs/ros2_ws/build/realsense2_camera' returned '0': CMAKE_PREFIX_PATH=/home/jecs/ros2_ws/install/realsense2_camera_msgs:/home/jecs/ros2_ws/install/realsense2_description:/home/jecs/ros2_ws/install/realsense2_camera:/home/jecs/ros2_ws/install/test_depth:/opt/ros/humble LD_LIBRARY_PATH=/home/jecs/ros2_ws/install/realsense2_camera_msgs/lib:/home/jecs/ros2_ws/install/realsense2_camera/lib:/opt/ros/humble/opt/rviz_ogre_vendor/lib:/opt/ros/humble/lib/x86_64-linux-gnu:/opt/ros/humble/lib /usr/bin/cmake --install /home/jecs/ros2_ws/build/realsense2_camera
