[0.005s] Invoking command in '/home/jecs/ros2_ws/build/realsense2_description': AMENT_PREFIX_PATH=/home/jecs/ros2_ws/install/realsense2_camera_msgs:${AMENT_PREFIX_PATH} CMAKE_PREFIX_PATH=/home/jecs/ros2_ws/install/realsense2_camera_msgs:/opt/ros/humble LD_LIBRARY_PATH=/home/jecs/ros2_ws/install/realsense2_camera_msgs/lib:${LD_LIBRARY_PATH} PYTHONPATH=/home/jecs/ros2_ws/install/realsense2_camera_msgs/local/lib/python3.10/dist-packages:${PYTHONPATH} /usr/bin/cmake /home/jecs/ros2_ws/src/realsense-ros/realsense2_description -DAMENT_CMAKE_SYMLINK_INSTALL=1 -DCMAKE_INSTALL_PREFIX=/home/jecs/ros2_ws/install/realsense2_description
[0.038s] -- The C compiler identification is GNU 11.4.0
[0.085s] -- The CXX compiler identification is GNU 11.4.0
[0.090s] -- Detecting C compiler ABI info
[0.133s] -- Detecting C compiler ABI info - done
[0.142s] -- Check for working C compiler: /usr/bin/cc - skipped
[0.142s] -- Detecting C compile features
[0.143s] -- Detecting C compile features - done
[0.146s] -- Detecting CXX compiler ABI info
[0.198s] -- Detecting CXX compiler ABI info - done
[0.203s] -- Check for working CXX compiler: /usr/bin/c++ - skipped
[0.203s] -- Detecting CXX compile features
[0.203s] -- Detecting CXX compile features - done
[0.205s] -- Found ament_cmake: 1.3.12 (/opt/ros/humble/share/ament_cmake/cmake)
[0.300s] -- Found Python3: /usr/bin/python3 (found version "3.10.12") found components: Interpreter 
[0.341s] -- Override CMake install command with custom implementation using symlinks instead of copying resources
[0.395s] -- Configuring done
[0.396s] -- Generating done
[0.397s] -- Build files have been written to: /home/jecs/ros2_ws/build/realsense2_description
[0.399s] Invoked command in '/home/jecs/ros2_ws/build/realsense2_description' returned '0': AMENT_PREFIX_PATH=/home/jecs/ros2_ws/install/realsense2_camera_msgs:${AMENT_PREFIX_PATH} CMAKE_PREFIX_PATH=/home/jecs/ros2_ws/install/realsense2_camera_msgs:/opt/ros/humble LD_LIBRARY_PATH=/home/jecs/ros2_ws/install/realsense2_camera_msgs/lib:${LD_LIBRARY_PATH} PYTHONPATH=/home/jecs/ros2_ws/install/realsense2_camera_msgs/local/lib/python3.10/dist-packages:${PYTHONPATH} /usr/bin/cmake /home/jecs/ros2_ws/src/realsense-ros/realsense2_description -DAMENT_CMAKE_SYMLINK_INSTALL=1 -DCMAKE_INSTALL_PREFIX=/home/jecs/ros2_ws/install/realsense2_description
[0.400s] Invoking command in '/home/jecs/ros2_ws/build/realsense2_description': AMENT_PREFIX_PATH=/home/jecs/ros2_ws/install/realsense2_camera_msgs:${AMENT_PREFIX_PATH} CMAKE_PREFIX_PATH=/home/jecs/ros2_ws/install/realsense2_camera_msgs:/opt/ros/humble LD_LIBRARY_PATH=/home/jecs/ros2_ws/install/realsense2_camera_msgs/lib:${LD_LIBRARY_PATH} PYTHONPATH=/home/jecs/ros2_ws/install/realsense2_camera_msgs/local/lib/python3.10/dist-packages:${PYTHONPATH} /usr/bin/cmake --build /home/jecs/ros2_ws/build/realsense2_description -- -j8 -l8
[0.424s] Invoked command in '/home/jecs/ros2_ws/build/realsense2_description' returned '0': AMENT_PREFIX_PATH=/home/jecs/ros2_ws/install/realsense2_camera_msgs:${AMENT_PREFIX_PATH} CMAKE_PREFIX_PATH=/home/jecs/ros2_ws/install/realsense2_camera_msgs:/opt/ros/humble LD_LIBRARY_PATH=/home/jecs/ros2_ws/install/realsense2_camera_msgs/lib:${LD_LIBRARY_PATH} PYTHONPATH=/home/jecs/ros2_ws/install/realsense2_camera_msgs/local/lib/python3.10/dist-packages:${PYTHONPATH} /usr/bin/cmake --build /home/jecs/ros2_ws/build/realsense2_description -- -j8 -l8
[0.425s] Invoking command in '/home/jecs/ros2_ws/build/realsense2_description': AMENT_PREFIX_PATH=/home/jecs/ros2_ws/install/realsense2_camera_msgs:${AMENT_PREFIX_PATH} CMAKE_PREFIX_PATH=/home/jecs/ros2_ws/install/realsense2_camera_msgs:/opt/ros/humble LD_LIBRARY_PATH=/home/jecs/ros2_ws/install/realsense2_camera_msgs/lib:${LD_LIBRARY_PATH} PYTHONPATH=/home/jecs/ros2_ws/install/realsense2_camera_msgs/local/lib/python3.10/dist-packages:${PYTHONPATH} /usr/bin/cmake --install /home/jecs/ros2_ws/build/realsense2_description
[0.429s] -- Install configuration: ""
[0.429s] -- Execute custom install script
[0.430s] -- Symlinking: /home/jecs/ros2_ws/install/realsense2_description/share/realsense2_description/launch/launch_utils.py
[0.435s] -- Symlinking: /home/jecs/ros2_ws/install/realsense2_description/share/realsense2_description/launch/view_model.launch.py
[0.441s] -- Symlinking: /home/jecs/ros2_ws/install/realsense2_description/share/realsense2_description/meshes/d415.stl
[0.446s] -- Symlinking: /home/jecs/ros2_ws/install/realsense2_description/share/realsense2_description/meshes/d435.dae
[0.451s] -- Symlinking: /home/jecs/ros2_ws/install/realsense2_description/share/realsense2_description/meshes/d455.stl
[0.456s] -- Symlinking: /home/jecs/ros2_ws/install/realsense2_description/share/realsense2_description/meshes/l515.dae
[0.461s] -- Symlinking: /home/jecs/ros2_ws/install/realsense2_description/share/realsense2_description/meshes/plug.stl
[0.466s] -- Symlinking: /home/jecs/ros2_ws/install/realsense2_description/share/realsense2_description/meshes/plug_collision.stl
[0.472s] -- Symlinking: /home/jecs/ros2_ws/install/realsense2_description/share/realsense2_description/rviz/urdf.rviz
[0.477s] -- Symlinking: /home/jecs/ros2_ws/install/realsense2_description/share/realsense2_description/urdf/_d415.urdf.xacro
[0.482s] -- Symlinking: /home/jecs/ros2_ws/install/realsense2_description/share/realsense2_description/urdf/_d435.urdf.xacro
[0.487s] -- Symlinking: /home/jecs/ros2_ws/install/realsense2_description/share/realsense2_description/urdf/_d435i.urdf.xacro
[0.492s] -- Symlinking: /home/jecs/ros2_ws/install/realsense2_description/share/realsense2_description/urdf/_d435i_imu_modules.urdf.xacro
[0.497s] -- Symlinking: /home/jecs/ros2_ws/install/realsense2_description/share/realsense2_description/urdf/_d455.urdf.xacro
[0.502s] -- Symlinking: /home/jecs/ros2_ws/install/realsense2_description/share/realsense2_description/urdf/_l515.urdf.xacro
[0.507s] -- Symlinking: /home/jecs/ros2_ws/install/realsense2_description/share/realsense2_description/urdf/_materials.urdf.xacro
[0.512s] -- Symlinking: /home/jecs/ros2_ws/install/realsense2_description/share/realsense2_description/urdf/_r410.urdf.xacro
[0.517s] -- Symlinking: /home/jecs/ros2_ws/install/realsense2_description/share/realsense2_description/urdf/_r430.urdf.xacro
[0.522s] -- Symlinking: /home/jecs/ros2_ws/install/realsense2_description/share/realsense2_description/urdf/_usb_plug.urdf.xacro
[0.527s] -- Symlinking: /home/jecs/ros2_ws/install/realsense2_description/share/realsense2_description/urdf/test_d415_camera.urdf.xacro
[0.533s] -- Symlinking: /home/jecs/ros2_ws/install/realsense2_description/share/realsense2_description/urdf/test_d435_camera.urdf.xacro
[0.538s] -- Symlinking: /home/jecs/ros2_ws/install/realsense2_description/share/realsense2_description/urdf/test_d435_multiple_cameras.urdf.xacro
[0.543s] -- Symlinking: /home/jecs/ros2_ws/install/realsense2_description/share/realsense2_description/urdf/test_d435i_camera.urdf.xacro
[0.549s] -- Symlinking: /home/jecs/ros2_ws/install/realsense2_description/share/realsense2_description/urdf/test_d455_camera.urdf.xacro
[0.554s] -- Symlinking: /home/jecs/ros2_ws/install/realsense2_description/share/realsense2_description/urdf/test_l515_camera.urdf.xacro
[0.559s] -- Symlinking: /home/jecs/ros2_ws/install/realsense2_description/share/realsense2_description/urdf/test_r410_camera.urdf.xacro
[0.565s] -- Symlinking: /home/jecs/ros2_ws/install/realsense2_description/share/realsense2_description/urdf/test_r430_camera.urdf.xacro
[0.571s] -- Symlinking: /home/jecs/ros2_ws/install/realsense2_description/share/ament_index/resource_index/package_run_dependencies/realsense2_description
[0.576s] -- Symlinking: /home/jecs/ros2_ws/install/realsense2_description/share/ament_index/resource_index/parent_prefix_path/realsense2_description
[0.581s] -- Symlinking: /home/jecs/ros2_ws/install/realsense2_description/share/realsense2_description/environment/ament_prefix_path.sh
[0.587s] -- Symlinking: /home/jecs/ros2_ws/install/realsense2_description/share/realsense2_description/environment/ament_prefix_path.dsv
[0.592s] -- Symlinking: /home/jecs/ros2_ws/install/realsense2_description/share/realsense2_description/environment/path.sh
[0.598s] -- Symlinking: /home/jecs/ros2_ws/install/realsense2_description/share/realsense2_description/environment/path.dsv
[0.603s] -- Symlinking: /home/jecs/ros2_ws/install/realsense2_description/share/realsense2_description/local_setup.bash
[0.609s] -- Symlinking: /home/jecs/ros2_ws/install/realsense2_description/share/realsense2_description/local_setup.sh
[0.614s] -- Symlinking: /home/jecs/ros2_ws/install/realsense2_description/share/realsense2_description/local_setup.zsh
[0.620s] -- Symlinking: /home/jecs/ros2_ws/install/realsense2_description/share/realsense2_description/local_setup.dsv
[0.625s] -- Symlinking: /home/jecs/ros2_ws/install/realsense2_description/share/realsense2_description/package.dsv
[0.630s] -- Symlinking: /home/jecs/ros2_ws/install/realsense2_description/share/ament_index/resource_index/packages/realsense2_description
[0.636s] -- Symlinking: /home/jecs/ros2_ws/install/realsense2_description/share/realsense2_description/cmake/realsense2_descriptionConfig.cmake
[0.641s] -- Symlinking: /home/jecs/ros2_ws/install/realsense2_description/share/realsense2_description/cmake/realsense2_descriptionConfig-version.cmake
[0.646s] -- Symlinking: /home/jecs/ros2_ws/install/realsense2_description/share/realsense2_description/package.xml
[0.653s] Invoked command in '/home/jecs/ros2_ws/build/realsense2_description' returned '0': AMENT_PREFIX_PATH=/home/jecs/ros2_ws/install/realsense2_camera_msgs:${AMENT_PREFIX_PATH} CMAKE_PREFIX_PATH=/home/jecs/ros2_ws/install/realsense2_camera_msgs:/opt/ros/humble LD_LIBRARY_PATH=/home/jecs/ros2_ws/install/realsense2_camera_msgs/lib:${LD_LIBRARY_PATH} PYTHONPATH=/home/jecs/ros2_ws/install/realsense2_camera_msgs/local/lib/python3.10/dist-packages:${PYTHONPATH} /usr/bin/cmake --install /home/jecs/ros2_ws/build/realsense2_description
