[0.102s] DEBUG:colcon:Command line arguments: ['/usr/bin/colcon', 'build', '--symlink']
[0.102s] DEBUG:colcon:Parsed command line arguments: Namespace(log_base=None, log_level=None, verb_name='build', build_base='build', install_base='install', merge_install=False, symlink_install=True, test_result_base=None, continue_on_error=False, executor='parallel', parallel_workers=8, event_handlers=None, ignore_user_meta=False, metas=['./colcon.meta'], base_paths=['.'], packages_ignore=None, packages_ignore_regex=None, paths=None, packages_up_to=None, packages_up_to_regex=None, packages_above=None, packages_above_and_dependencies=None, packages_above_depth=None, packages_select_by_dep=None, packages_skip_by_dep=None, packages_skip_up_to=None, packages_select_build_failed=False, packages_skip_build_finished=False, packages_select_test_failures=False, packages_skip_test_passed=False, packages_select=None, packages_skip=None, packages_select_regex=None, packages_skip_regex=None, packages_start=None, packages_end=None, allow_overriding=[], cmake_args=None, cmake_target=None, cmake_target_skip_unavailable=False, cmake_clean_cache=False, cmake_clean_first=False, cmake_force_configure=False, ament_cmake_args=None, catkin_cmake_args=None, catkin_skip_building_tests=False, mixin_files=None, mixin=None, verb_parser=<colcon_mixin.mixin.mixin_argument.MixinArgumentDecorator object at 0x7365a6659420>, verb_extension=<colcon_core.verb.build.BuildVerb object at 0x7365a6658ee0>, main=<bound method BuildVerb.main of <colcon_core.verb.build.BuildVerb object at 0x7365a6658ee0>>, mixin_verb=('build',))
[0.276s] Level 1:colcon.colcon_core.package_discovery:discover_packages(colcon_meta) check parameters
[0.276s] Level 1:colcon.colcon_core.package_discovery:discover_packages(recursive) check parameters
[0.276s] Level 1:colcon.colcon_core.package_discovery:discover_packages(ignore) check parameters
[0.276s] Level 1:colcon.colcon_core.package_discovery:discover_packages(path) check parameters
[0.276s] Level 1:colcon.colcon_core.package_discovery:discover_packages(colcon_meta) discover
[0.276s] Level 1:colcon.colcon_core.package_discovery:discover_packages(recursive) discover
[0.276s] INFO:colcon.colcon_core.package_discovery:Crawling recursively for packages in '/home/jecs/ros2_ws'
[0.276s] Level 1:colcon.colcon_core.package_identification:_identify(.) by extensions ['ignore', 'ignore_ament_install']
[0.277s] Level 1:colcon.colcon_core.package_identification:_identify(.) by extension 'ignore'
[0.277s] Level 1:colcon.colcon_core.package_identification:_identify(.) by extension 'ignore_ament_install'
[0.277s] Level 1:colcon.colcon_core.package_identification:_identify(.) by extensions ['colcon_pkg']
[0.277s] Level 1:colcon.colcon_core.package_identification:_identify(.) by extension 'colcon_pkg'
[0.277s] Level 1:colcon.colcon_core.package_identification:_identify(.) by extensions ['colcon_meta']
[0.277s] Level 1:colcon.colcon_core.package_identification:_identify(.) by extension 'colcon_meta'
[0.277s] Level 1:colcon.colcon_core.package_identification:_identify(.) by extensions ['ros']
[0.277s] Level 1:colcon.colcon_core.package_identification:_identify(.) by extension 'ros'
[0.286s] Level 1:colcon.colcon_core.package_identification:_identify(.) by extensions ['cmake', 'python']
[0.286s] Level 1:colcon.colcon_core.package_identification:_identify(.) by extension 'cmake'
[0.286s] Level 1:colcon.colcon_core.package_identification:_identify(.) by extension 'python'
[0.286s] Level 1:colcon.colcon_core.package_identification:_identify(.) by extensions ['python_setup_py']
[0.286s] Level 1:colcon.colcon_core.package_identification:_identify(.) by extension 'python_setup_py'
[0.286s] Level 1:colcon.colcon_core.package_identification:_identify(build) by extensions ['ignore', 'ignore_ament_install']
[0.286s] Level 1:colcon.colcon_core.package_identification:_identify(build) by extension 'ignore'
[0.286s] Level 1:colcon.colcon_core.package_identification:_identify(build) ignored
[0.286s] Level 1:colcon.colcon_core.package_identification:_identify(install) by extensions ['ignore', 'ignore_ament_install']
[0.286s] Level 1:colcon.colcon_core.package_identification:_identify(install) by extension 'ignore'
[0.286s] Level 1:colcon.colcon_core.package_identification:_identify(install) ignored
[0.287s] Level 1:colcon.colcon_core.package_identification:_identify(log) by extensions ['ignore', 'ignore_ament_install']
[0.287s] Level 1:colcon.colcon_core.package_identification:_identify(log) by extension 'ignore'
[0.287s] Level 1:colcon.colcon_core.package_identification:_identify(log) ignored
[0.287s] Level 1:colcon.colcon_core.package_identification:_identify(src) by extensions ['ignore', 'ignore_ament_install']
[0.287s] Level 1:colcon.colcon_core.package_identification:_identify(src) by extension 'ignore'
[0.287s] Level 1:colcon.colcon_core.package_identification:_identify(src) by extension 'ignore_ament_install'
[0.287s] Level 1:colcon.colcon_core.package_identification:_identify(src) by extensions ['colcon_pkg']
[0.287s] Level 1:colcon.colcon_core.package_identification:_identify(src) by extension 'colcon_pkg'
[0.287s] Level 1:colcon.colcon_core.package_identification:_identify(src) by extensions ['colcon_meta']
[0.287s] Level 1:colcon.colcon_core.package_identification:_identify(src) by extension 'colcon_meta'
[0.287s] Level 1:colcon.colcon_core.package_identification:_identify(src) by extensions ['ros']
[0.287s] Level 1:colcon.colcon_core.package_identification:_identify(src) by extension 'ros'
[0.287s] Level 1:colcon.colcon_core.package_identification:_identify(src) by extensions ['cmake', 'python']
[0.287s] Level 1:colcon.colcon_core.package_identification:_identify(src) by extension 'cmake'
[0.287s] Level 1:colcon.colcon_core.package_identification:_identify(src) by extension 'python'
[0.287s] Level 1:colcon.colcon_core.package_identification:_identify(src) by extensions ['python_setup_py']
[0.287s] Level 1:colcon.colcon_core.package_identification:_identify(src) by extension 'python_setup_py'
[0.287s] Level 1:colcon.colcon_core.package_identification:_identify(src/realsense-ros) by extensions ['ignore', 'ignore_ament_install']
[0.287s] Level 1:colcon.colcon_core.package_identification:_identify(src/realsense-ros) by extension 'ignore'
[0.287s] Level 1:colcon.colcon_core.package_identification:_identify(src/realsense-ros) by extension 'ignore_ament_install'
[0.287s] Level 1:colcon.colcon_core.package_identification:_identify(src/realsense-ros) by extensions ['colcon_pkg']
[0.287s] Level 1:colcon.colcon_core.package_identification:_identify(src/realsense-ros) by extension 'colcon_pkg'
[0.287s] Level 1:colcon.colcon_core.package_identification:_identify(src/realsense-ros) by extensions ['colcon_meta']
[0.287s] Level 1:colcon.colcon_core.package_identification:_identify(src/realsense-ros) by extension 'colcon_meta'
[0.287s] Level 1:colcon.colcon_core.package_identification:_identify(src/realsense-ros) by extensions ['ros']
[0.287s] Level 1:colcon.colcon_core.package_identification:_identify(src/realsense-ros) by extension 'ros'
[0.287s] Level 1:colcon.colcon_core.package_identification:_identify(src/realsense-ros) by extensions ['cmake', 'python']
[0.287s] Level 1:colcon.colcon_core.package_identification:_identify(src/realsense-ros) by extension 'cmake'
[0.287s] Level 1:colcon.colcon_core.package_identification:_identify(src/realsense-ros) by extension 'python'
[0.287s] Level 1:colcon.colcon_core.package_identification:_identify(src/realsense-ros) by extensions ['python_setup_py']
[0.287s] Level 1:colcon.colcon_core.package_identification:_identify(src/realsense-ros) by extension 'python_setup_py'
[0.287s] Level 1:colcon.colcon_core.package_identification:_identify(src/realsense-ros/realsense2_camera) by extensions ['ignore', 'ignore_ament_install']
[0.288s] Level 1:colcon.colcon_core.package_identification:_identify(src/realsense-ros/realsense2_camera) by extension 'ignore'
[0.288s] Level 1:colcon.colcon_core.package_identification:_identify(src/realsense-ros/realsense2_camera) by extension 'ignore_ament_install'
[0.288s] Level 1:colcon.colcon_core.package_identification:_identify(src/realsense-ros/realsense2_camera) by extensions ['colcon_pkg']
[0.288s] Level 1:colcon.colcon_core.package_identification:_identify(src/realsense-ros/realsense2_camera) by extension 'colcon_pkg'
[0.288s] Level 1:colcon.colcon_core.package_identification:_identify(src/realsense-ros/realsense2_camera) by extensions ['colcon_meta']
[0.288s] Level 1:colcon.colcon_core.package_identification:_identify(src/realsense-ros/realsense2_camera) by extension 'colcon_meta'
[0.288s] Level 1:colcon.colcon_core.package_identification:_identify(src/realsense-ros/realsense2_camera) by extensions ['ros']
[0.288s] Level 1:colcon.colcon_core.package_identification:_identify(src/realsense-ros/realsense2_camera) by extension 'ros'
[0.291s] DEBUG:colcon.colcon_core.package_identification:Package 'src/realsense-ros/realsense2_camera' with type 'ros.ament_cmake' and name 'realsense2_camera'
[0.291s] Level 1:colcon.colcon_core.package_identification:_identify(src/realsense-ros/realsense2_camera_msgs) by extensions ['ignore', 'ignore_ament_install']
[0.291s] Level 1:colcon.colcon_core.package_identification:_identify(src/realsense-ros/realsense2_camera_msgs) by extension 'ignore'
[0.291s] Level 1:colcon.colcon_core.package_identification:_identify(src/realsense-ros/realsense2_camera_msgs) by extension 'ignore_ament_install'
[0.291s] Level 1:colcon.colcon_core.package_identification:_identify(src/realsense-ros/realsense2_camera_msgs) by extensions ['colcon_pkg']
[0.291s] Level 1:colcon.colcon_core.package_identification:_identify(src/realsense-ros/realsense2_camera_msgs) by extension 'colcon_pkg'
[0.291s] Level 1:colcon.colcon_core.package_identification:_identify(src/realsense-ros/realsense2_camera_msgs) by extensions ['colcon_meta']
[0.291s] Level 1:colcon.colcon_core.package_identification:_identify(src/realsense-ros/realsense2_camera_msgs) by extension 'colcon_meta'
[0.291s] Level 1:colcon.colcon_core.package_identification:_identify(src/realsense-ros/realsense2_camera_msgs) by extensions ['ros']
[0.291s] Level 1:colcon.colcon_core.package_identification:_identify(src/realsense-ros/realsense2_camera_msgs) by extension 'ros'
[0.292s] DEBUG:colcon.colcon_core.package_identification:Package 'src/realsense-ros/realsense2_camera_msgs' with type 'ros.ament_cmake' and name 'realsense2_camera_msgs'
[0.292s] Level 1:colcon.colcon_core.package_identification:_identify(src/realsense-ros/realsense2_description) by extensions ['ignore', 'ignore_ament_install']
[0.292s] Level 1:colcon.colcon_core.package_identification:_identify(src/realsense-ros/realsense2_description) by extension 'ignore'
[0.292s] Level 1:colcon.colcon_core.package_identification:_identify(src/realsense-ros/realsense2_description) by extension 'ignore_ament_install'
[0.292s] Level 1:colcon.colcon_core.package_identification:_identify(src/realsense-ros/realsense2_description) by extensions ['colcon_pkg']
[0.292s] Level 1:colcon.colcon_core.package_identification:_identify(src/realsense-ros/realsense2_description) by extension 'colcon_pkg'
[0.292s] Level 1:colcon.colcon_core.package_identification:_identify(src/realsense-ros/realsense2_description) by extensions ['colcon_meta']
[0.292s] Level 1:colcon.colcon_core.package_identification:_identify(src/realsense-ros/realsense2_description) by extension 'colcon_meta'
[0.292s] Level 1:colcon.colcon_core.package_identification:_identify(src/realsense-ros/realsense2_description) by extensions ['ros']
[0.292s] Level 1:colcon.colcon_core.package_identification:_identify(src/realsense-ros/realsense2_description) by extension 'ros'
[0.293s] DEBUG:colcon.colcon_core.package_identification:Package 'src/realsense-ros/realsense2_description' with type 'ros.ament_cmake' and name 'realsense2_description'
[0.293s] Level 1:colcon.colcon_core.package_identification:_identify(src/test_depth) by extensions ['ignore', 'ignore_ament_install']
[0.293s] Level 1:colcon.colcon_core.package_identification:_identify(src/test_depth) by extension 'ignore'
[0.293s] Level 1:colcon.colcon_core.package_identification:_identify(src/test_depth) by extension 'ignore_ament_install'
[0.293s] Level 1:colcon.colcon_core.package_identification:_identify(src/test_depth) by extensions ['colcon_pkg']
[0.293s] Level 1:colcon.colcon_core.package_identification:_identify(src/test_depth) by extension 'colcon_pkg'
[0.293s] Level 1:colcon.colcon_core.package_identification:_identify(src/test_depth) by extensions ['colcon_meta']
[0.293s] Level 1:colcon.colcon_core.package_identification:_identify(src/test_depth) by extension 'colcon_meta'
[0.293s] Level 1:colcon.colcon_core.package_identification:_identify(src/test_depth) by extensions ['ros']
[0.293s] Level 1:colcon.colcon_core.package_identification:_identify(src/test_depth) by extension 'ros'
[0.294s] DEBUG:colcon.colcon_core.package_identification:Package 'src/test_depth' with type 'ros.ament_python' and name 'test_depth'
[0.294s] Level 1:colcon.colcon_core.package_discovery:discover_packages(recursive) using defaults
[0.294s] Level 1:colcon.colcon_core.package_discovery:discover_packages(ignore) discover
[0.294s] Level 1:colcon.colcon_core.package_discovery:discover_packages(ignore) using defaults
[0.294s] Level 1:colcon.colcon_core.package_discovery:discover_packages(path) discover
[0.294s] Level 1:colcon.colcon_core.package_discovery:discover_packages(path) using defaults
[0.320s] Level 1:colcon.colcon_core.package_discovery:discover_packages(prefix_path) check parameters
[0.320s] Level 1:colcon.colcon_core.package_discovery:discover_packages(prefix_path) discover
[0.322s] DEBUG:colcon.colcon_installed_package_information.package_discovery:Found 4 installed packages in /home/jecs/ros2_ws/install
[0.323s] DEBUG:colcon.colcon_installed_package_information.package_discovery:Found 282 installed packages in /opt/ros/humble
[0.324s] Level 1:colcon.colcon_core.package_discovery:discover_packages(prefix_path) using defaults
[0.346s] Level 5:colcon.colcon_core.verb:set package 'realsense2_camera_msgs' build argument 'cmake_args' from command line to 'None'
[0.346s] Level 5:colcon.colcon_core.verb:set package 'realsense2_camera_msgs' build argument 'cmake_target' from command line to 'None'
[0.346s] Level 5:colcon.colcon_core.verb:set package 'realsense2_camera_msgs' build argument 'cmake_target_skip_unavailable' from command line to 'False'
[0.346s] Level 5:colcon.colcon_core.verb:set package 'realsense2_camera_msgs' build argument 'cmake_clean_cache' from command line to 'False'
[0.346s] Level 5:colcon.colcon_core.verb:set package 'realsense2_camera_msgs' build argument 'cmake_clean_first' from command line to 'False'
[0.346s] Level 5:colcon.colcon_core.verb:set package 'realsense2_camera_msgs' build argument 'cmake_force_configure' from command line to 'False'
[0.346s] Level 5:colcon.colcon_core.verb:set package 'realsense2_camera_msgs' build argument 'ament_cmake_args' from command line to 'None'
[0.346s] Level 5:colcon.colcon_core.verb:set package 'realsense2_camera_msgs' build argument 'catkin_cmake_args' from command line to 'None'
[0.346s] Level 5:colcon.colcon_core.verb:set package 'realsense2_camera_msgs' build argument 'catkin_skip_building_tests' from command line to 'False'
[0.346s] DEBUG:colcon.colcon_core.verb:Building package 'realsense2_camera_msgs' with the following arguments: {'ament_cmake_args': None, 'build_base': '/home/jecs/ros2_ws/build/realsense2_camera_msgs', 'catkin_cmake_args': None, 'catkin_skip_building_tests': False, 'cmake_args': None, 'cmake_clean_cache': False, 'cmake_clean_first': False, 'cmake_force_configure': False, 'cmake_target': None, 'cmake_target_skip_unavailable': False, 'install_base': '/home/jecs/ros2_ws/install/realsense2_camera_msgs', 'merge_install': False, 'path': '/home/jecs/ros2_ws/src/realsense-ros/realsense2_camera_msgs', 'symlink_install': True, 'test_result_base': None}
[0.347s] Level 5:colcon.colcon_core.verb:set package 'test_depth' build argument 'cmake_args' from command line to 'None'
[0.347s] Level 5:colcon.colcon_core.verb:set package 'test_depth' build argument 'cmake_target' from command line to 'None'
[0.347s] Level 5:colcon.colcon_core.verb:set package 'test_depth' build argument 'cmake_target_skip_unavailable' from command line to 'False'
[0.347s] Level 5:colcon.colcon_core.verb:set package 'test_depth' build argument 'cmake_clean_cache' from command line to 'False'
[0.347s] Level 5:colcon.colcon_core.verb:set package 'test_depth' build argument 'cmake_clean_first' from command line to 'False'
[0.347s] Level 5:colcon.colcon_core.verb:set package 'test_depth' build argument 'cmake_force_configure' from command line to 'False'
[0.347s] Level 5:colcon.colcon_core.verb:set package 'test_depth' build argument 'ament_cmake_args' from command line to 'None'
[0.347s] Level 5:colcon.colcon_core.verb:set package 'test_depth' build argument 'catkin_cmake_args' from command line to 'None'
[0.347s] Level 5:colcon.colcon_core.verb:set package 'test_depth' build argument 'catkin_skip_building_tests' from command line to 'False'
[0.347s] DEBUG:colcon.colcon_core.verb:Building package 'test_depth' with the following arguments: {'ament_cmake_args': None, 'build_base': '/home/jecs/ros2_ws/build/test_depth', 'catkin_cmake_args': None, 'catkin_skip_building_tests': False, 'cmake_args': None, 'cmake_clean_cache': False, 'cmake_clean_first': False, 'cmake_force_configure': False, 'cmake_target': None, 'cmake_target_skip_unavailable': False, 'install_base': '/home/jecs/ros2_ws/install/test_depth', 'merge_install': False, 'path': '/home/jecs/ros2_ws/src/test_depth', 'symlink_install': True, 'test_result_base': None}
[0.347s] Level 5:colcon.colcon_core.verb:set package 'realsense2_camera' build argument 'cmake_args' from command line to 'None'
[0.347s] Level 5:colcon.colcon_core.verb:set package 'realsense2_camera' build argument 'cmake_target' from command line to 'None'
[0.347s] Level 5:colcon.colcon_core.verb:set package 'realsense2_camera' build argument 'cmake_target_skip_unavailable' from command line to 'False'
[0.347s] Level 5:colcon.colcon_core.verb:set package 'realsense2_camera' build argument 'cmake_clean_cache' from command line to 'False'
[0.347s] Level 5:colcon.colcon_core.verb:set package 'realsense2_camera' build argument 'cmake_clean_first' from command line to 'False'
[0.347s] Level 5:colcon.colcon_core.verb:set package 'realsense2_camera' build argument 'cmake_force_configure' from command line to 'False'
[0.347s] Level 5:colcon.colcon_core.verb:set package 'realsense2_camera' build argument 'ament_cmake_args' from command line to 'None'
[0.347s] Level 5:colcon.colcon_core.verb:set package 'realsense2_camera' build argument 'catkin_cmake_args' from command line to 'None'
[0.347s] Level 5:colcon.colcon_core.verb:set package 'realsense2_camera' build argument 'catkin_skip_building_tests' from command line to 'False'
[0.347s] DEBUG:colcon.colcon_core.verb:Building package 'realsense2_camera' with the following arguments: {'ament_cmake_args': None, 'build_base': '/home/jecs/ros2_ws/build/realsense2_camera', 'catkin_cmake_args': None, 'catkin_skip_building_tests': False, 'cmake_args': None, 'cmake_clean_cache': False, 'cmake_clean_first': False, 'cmake_force_configure': False, 'cmake_target': None, 'cmake_target_skip_unavailable': False, 'install_base': '/home/jecs/ros2_ws/install/realsense2_camera', 'merge_install': False, 'path': '/home/jecs/ros2_ws/src/realsense-ros/realsense2_camera', 'symlink_install': True, 'test_result_base': None}
[0.347s] Level 5:colcon.colcon_core.verb:set package 'realsense2_description' build argument 'cmake_args' from command line to 'None'
[0.347s] Level 5:colcon.colcon_core.verb:set package 'realsense2_description' build argument 'cmake_target' from command line to 'None'
[0.347s] Level 5:colcon.colcon_core.verb:set package 'realsense2_description' build argument 'cmake_target_skip_unavailable' from command line to 'False'
[0.347s] Level 5:colcon.colcon_core.verb:set package 'realsense2_description' build argument 'cmake_clean_cache' from command line to 'False'
[0.347s] Level 5:colcon.colcon_core.verb:set package 'realsense2_description' build argument 'cmake_clean_first' from command line to 'False'
[0.347s] Level 5:colcon.colcon_core.verb:set package 'realsense2_description' build argument 'cmake_force_configure' from command line to 'False'
[0.347s] Level 5:colcon.colcon_core.verb:set package 'realsense2_description' build argument 'ament_cmake_args' from command line to 'None'
[0.347s] Level 5:colcon.colcon_core.verb:set package 'realsense2_description' build argument 'catkin_cmake_args' from command line to 'None'
[0.347s] Level 5:colcon.colcon_core.verb:set package 'realsense2_description' build argument 'catkin_skip_building_tests' from command line to 'False'
[0.347s] DEBUG:colcon.colcon_core.verb:Building package 'realsense2_description' with the following arguments: {'ament_cmake_args': None, 'build_base': '/home/jecs/ros2_ws/build/realsense2_description', 'catkin_cmake_args': None, 'catkin_skip_building_tests': False, 'cmake_args': None, 'cmake_clean_cache': False, 'cmake_clean_first': False, 'cmake_force_configure': False, 'cmake_target': None, 'cmake_target_skip_unavailable': False, 'install_base': '/home/jecs/ros2_ws/install/realsense2_description', 'merge_install': False, 'path': '/home/jecs/ros2_ws/src/realsense-ros/realsense2_description', 'symlink_install': True, 'test_result_base': None}
[0.347s] INFO:colcon.colcon_core.executor:Executing jobs using 'parallel' executor
[0.348s] DEBUG:colcon.colcon_parallel_executor.executor.parallel:run_until_complete
[0.348s] INFO:colcon.colcon_ros.task.ament_cmake.build:Building ROS package in '/home/jecs/ros2_ws/src/realsense-ros/realsense2_camera_msgs' with build type 'ament_cmake'
[0.348s] INFO:colcon.colcon_cmake.task.cmake.build:Building CMake package in '/home/jecs/ros2_ws/src/realsense-ros/realsense2_camera_msgs'
[0.352s] INFO:colcon.colcon_core.plugin_system:Skipping extension 'colcon_core.shell.bat': Not used on non-Windows systems
[0.352s] INFO:colcon.colcon_core.shell:Skip shell extension 'powershell' for command environment: Not usable outside of PowerShell
[0.352s] DEBUG:colcon.colcon_core.shell:Skip shell extension 'dsv' for command environment
[0.354s] INFO:colcon.colcon_ros.task.ament_python.build:Building ROS package in '/home/jecs/ros2_ws/src/test_depth' with build type 'ament_python'
[0.354s] Level 1:colcon.colcon_core.shell:create_environment_hook('test_depth', 'ament_prefix_path')
[0.354s] INFO:colcon.colcon_core.shell:Creating environment hook '/home/jecs/ros2_ws/install/test_depth/share/test_depth/hook/ament_prefix_path.ps1'
[0.355s] INFO:colcon.colcon_core.shell:Creating environment descriptor '/home/jecs/ros2_ws/install/test_depth/share/test_depth/hook/ament_prefix_path.dsv'
[0.355s] INFO:colcon.colcon_core.shell:Creating environment hook '/home/jecs/ros2_ws/install/test_depth/share/test_depth/hook/ament_prefix_path.sh'
[0.356s] INFO:colcon.colcon_core.shell:Skip shell extension 'powershell' for command environment: Not usable outside of PowerShell
[0.356s] DEBUG:colcon.colcon_core.shell:Skip shell extension 'dsv' for command environment
[0.361s] DEBUG:colcon.colcon_core.event_handler.log_command:Invoking command in '/home/jecs/ros2_ws/build/realsense2_camera_msgs': CMAKE_PREFIX_PATH=${CMAKE_PREFIX_PATH}:/home/jecs/ros2_ws/install/test_depth:/opt/ros/humble /usr/bin/cmake --build /home/jecs/ros2_ws/build/realsense2_camera_msgs -- -j8 -l8
[0.540s] INFO:colcon.colcon_core.task.python.build:Building Python package in '/home/jecs/ros2_ws/src/test_depth'
[0.541s] INFO:colcon.colcon_core.shell:Skip shell extension 'powershell' for command environment: Not usable outside of PowerShell
[0.541s] DEBUG:colcon.colcon_core.shell:Skip shell extension 'dsv' for command environment
[0.639s] DEBUG:colcon.colcon_core.event_handler.log_command:Invoked command in '/home/jecs/ros2_ws/build/realsense2_camera_msgs' returned '0': CMAKE_PREFIX_PATH=${CMAKE_PREFIX_PATH}:/home/jecs/ros2_ws/install/test_depth:/opt/ros/humble /usr/bin/cmake --build /home/jecs/ros2_ws/build/realsense2_camera_msgs -- -j8 -l8
[0.646s] DEBUG:colcon.colcon_core.event_handler.log_command:Invoking command in '/home/jecs/ros2_ws/build/realsense2_camera_msgs': CMAKE_PREFIX_PATH=${CMAKE_PREFIX_PATH}:/home/jecs/ros2_ws/install/test_depth:/opt/ros/humble /usr/bin/cmake --install /home/jecs/ros2_ws/build/realsense2_camera_msgs
[0.705s] Level 1:colcon.colcon_core.environment:create_environment_scripts_only(realsense2_camera_msgs)
[0.706s] DEBUG:colcon.colcon_core.event_handler.log_command:Invoked command in '/home/jecs/ros2_ws/build/realsense2_camera_msgs' returned '0': CMAKE_PREFIX_PATH=${CMAKE_PREFIX_PATH}:/home/jecs/ros2_ws/install/test_depth:/opt/ros/humble /usr/bin/cmake --install /home/jecs/ros2_ws/build/realsense2_camera_msgs
[0.710s] Level 1:colcon.colcon_core.environment:checking '/home/jecs/ros2_ws/install/realsense2_camera_msgs' for CMake module files
[0.710s] Level 1:colcon.colcon_core.environment:checking '/home/jecs/ros2_ws/install/realsense2_camera_msgs' for CMake config files
[0.710s] Level 1:colcon.colcon_core.shell:create_environment_hook('realsense2_camera_msgs', 'cmake_prefix_path')
[0.711s] INFO:colcon.colcon_core.shell:Creating environment hook '/home/jecs/ros2_ws/install/realsense2_camera_msgs/share/realsense2_camera_msgs/hook/cmake_prefix_path.ps1'
[0.711s] INFO:colcon.colcon_core.shell:Creating environment descriptor '/home/jecs/ros2_ws/install/realsense2_camera_msgs/share/realsense2_camera_msgs/hook/cmake_prefix_path.dsv'
[0.711s] INFO:colcon.colcon_core.shell:Creating environment hook '/home/jecs/ros2_ws/install/realsense2_camera_msgs/share/realsense2_camera_msgs/hook/cmake_prefix_path.sh'
[0.712s] Level 1:colcon.colcon_core.environment:checking '/home/jecs/ros2_ws/install/realsense2_camera_msgs/lib'
[0.712s] Level 1:colcon.colcon_core.shell:create_environment_hook('realsense2_camera_msgs', 'ld_library_path_lib')
[0.712s] INFO:colcon.colcon_core.shell:Creating environment hook '/home/jecs/ros2_ws/install/realsense2_camera_msgs/share/realsense2_camera_msgs/hook/ld_library_path_lib.ps1'
[0.712s] INFO:colcon.colcon_core.shell:Creating environment descriptor '/home/jecs/ros2_ws/install/realsense2_camera_msgs/share/realsense2_camera_msgs/hook/ld_library_path_lib.dsv'
[0.713s] INFO:colcon.colcon_core.shell:Creating environment hook '/home/jecs/ros2_ws/install/realsense2_camera_msgs/share/realsense2_camera_msgs/hook/ld_library_path_lib.sh'
[0.713s] Level 1:colcon.colcon_core.environment:checking '/home/jecs/ros2_ws/install/realsense2_camera_msgs/bin'
[0.713s] Level 1:colcon.colcon_core.environment:checking '/home/jecs/ros2_ws/install/realsense2_camera_msgs/lib/pkgconfig/realsense2_camera_msgs.pc'
[0.713s] Level 1:colcon.colcon_core.environment:checking '/home/jecs/ros2_ws/install/realsense2_camera_msgs/lib/python3.10/site-packages'
[0.713s] Level 1:colcon.colcon_core.environment:checking '/home/jecs/ros2_ws/install/realsense2_camera_msgs/bin'
[0.714s] INFO:colcon.colcon_core.shell:Creating package script '/home/jecs/ros2_ws/install/realsense2_camera_msgs/share/realsense2_camera_msgs/package.ps1'
[0.714s] INFO:colcon.colcon_core.shell:Creating package descriptor '/home/jecs/ros2_ws/install/realsense2_camera_msgs/share/realsense2_camera_msgs/package.dsv'
[0.715s] INFO:colcon.colcon_core.shell:Creating package script '/home/jecs/ros2_ws/install/realsense2_camera_msgs/share/realsense2_camera_msgs/package.sh'
[0.716s] INFO:colcon.colcon_core.shell:Creating package script '/home/jecs/ros2_ws/install/realsense2_camera_msgs/share/realsense2_camera_msgs/package.bash'
[0.716s] INFO:colcon.colcon_core.shell:Creating package script '/home/jecs/ros2_ws/install/realsense2_camera_msgs/share/realsense2_camera_msgs/package.zsh'
[0.717s] Level 1:colcon.colcon_core.environment:create_file_with_runtime_dependencies(/home/jecs/ros2_ws/install/realsense2_camera_msgs/share/colcon-core/packages/realsense2_camera_msgs)
[0.718s] Level 1:colcon.colcon_core.environment:create_environment_scripts_only(realsense2_camera_msgs)
[0.718s] Level 1:colcon.colcon_core.environment:checking '/home/jecs/ros2_ws/install/realsense2_camera_msgs' for CMake module files
[0.718s] Level 1:colcon.colcon_core.environment:checking '/home/jecs/ros2_ws/install/realsense2_camera_msgs' for CMake config files
[0.718s] Level 1:colcon.colcon_core.shell:create_environment_hook('realsense2_camera_msgs', 'cmake_prefix_path')
[0.719s] INFO:colcon.colcon_core.shell:Creating environment hook '/home/jecs/ros2_ws/install/realsense2_camera_msgs/share/realsense2_camera_msgs/hook/cmake_prefix_path.ps1'
[0.719s] INFO:colcon.colcon_core.shell:Creating environment descriptor '/home/jecs/ros2_ws/install/realsense2_camera_msgs/share/realsense2_camera_msgs/hook/cmake_prefix_path.dsv'
[0.719s] INFO:colcon.colcon_core.shell:Creating environment hook '/home/jecs/ros2_ws/install/realsense2_camera_msgs/share/realsense2_camera_msgs/hook/cmake_prefix_path.sh'
[0.720s] Level 1:colcon.colcon_core.environment:checking '/home/jecs/ros2_ws/install/realsense2_camera_msgs/lib'
[0.720s] Level 1:colcon.colcon_core.shell:create_environment_hook('realsense2_camera_msgs', 'ld_library_path_lib')
[0.720s] INFO:colcon.colcon_core.shell:Creating environment hook '/home/jecs/ros2_ws/install/realsense2_camera_msgs/share/realsense2_camera_msgs/hook/ld_library_path_lib.ps1'
[0.720s] INFO:colcon.colcon_core.shell:Creating environment descriptor '/home/jecs/ros2_ws/install/realsense2_camera_msgs/share/realsense2_camera_msgs/hook/ld_library_path_lib.dsv'
[0.720s] INFO:colcon.colcon_core.shell:Creating environment hook '/home/jecs/ros2_ws/install/realsense2_camera_msgs/share/realsense2_camera_msgs/hook/ld_library_path_lib.sh'
[0.720s] Level 1:colcon.colcon_core.environment:checking '/home/jecs/ros2_ws/install/realsense2_camera_msgs/bin'
[0.721s] Level 1:colcon.colcon_core.environment:checking '/home/jecs/ros2_ws/install/realsense2_camera_msgs/lib/pkgconfig/realsense2_camera_msgs.pc'
[0.721s] Level 1:colcon.colcon_core.environment:checking '/home/jecs/ros2_ws/install/realsense2_camera_msgs/lib/python3.10/site-packages'
[0.721s] Level 1:colcon.colcon_core.environment:checking '/home/jecs/ros2_ws/install/realsense2_camera_msgs/bin'
[0.721s] INFO:colcon.colcon_core.shell:Creating package script '/home/jecs/ros2_ws/install/realsense2_camera_msgs/share/realsense2_camera_msgs/package.ps1'
[0.722s] INFO:colcon.colcon_core.shell:Creating package descriptor '/home/jecs/ros2_ws/install/realsense2_camera_msgs/share/realsense2_camera_msgs/package.dsv'
[0.722s] INFO:colcon.colcon_core.shell:Creating package script '/home/jecs/ros2_ws/install/realsense2_camera_msgs/share/realsense2_camera_msgs/package.sh'
[0.722s] INFO:colcon.colcon_core.shell:Creating package script '/home/jecs/ros2_ws/install/realsense2_camera_msgs/share/realsense2_camera_msgs/package.bash'
[0.722s] INFO:colcon.colcon_core.shell:Creating package script '/home/jecs/ros2_ws/install/realsense2_camera_msgs/share/realsense2_camera_msgs/package.zsh'
[0.723s] Level 1:colcon.colcon_core.environment:create_file_with_runtime_dependencies(/home/jecs/ros2_ws/install/realsense2_camera_msgs/share/colcon-core/packages/realsense2_camera_msgs)
[0.723s] INFO:colcon.colcon_ros.task.ament_cmake.build:Building ROS package in '/home/jecs/ros2_ws/src/realsense-ros/realsense2_camera' with build type 'ament_cmake'
[0.723s] INFO:colcon.colcon_cmake.task.cmake.build:Building CMake package in '/home/jecs/ros2_ws/src/realsense-ros/realsense2_camera'
[0.723s] INFO:colcon.colcon_core.shell:Skip shell extension 'powershell' for command environment: Not usable outside of PowerShell
[0.723s] DEBUG:colcon.colcon_core.shell:Skip shell extension 'dsv' for command environment
[0.726s] INFO:colcon.colcon_ros.task.ament_cmake.build:Building ROS package in '/home/jecs/ros2_ws/src/realsense-ros/realsense2_description' with build type 'ament_cmake'
[0.726s] INFO:colcon.colcon_cmake.task.cmake.build:Building CMake package in '/home/jecs/ros2_ws/src/realsense-ros/realsense2_description'
[0.726s] INFO:colcon.colcon_core.shell:Skip shell extension 'powershell' for command environment: Not usable outside of PowerShell
[0.726s] DEBUG:colcon.colcon_core.shell:Skip shell extension 'dsv' for command environment
[0.731s] DEBUG:colcon.colcon_core.event_handler.log_command:Invoking command in '/home/jecs/ros2_ws/build/realsense2_camera': CMAKE_PREFIX_PATH=/home/jecs/ros2_ws/install/realsense2_camera_msgs:/home/jecs/ros2_ws/install/realsense2_description:/home/jecs/ros2_ws/install/realsense2_camera:/home/jecs/ros2_ws/install/test_depth:/opt/ros/humble LD_LIBRARY_PATH=/home/jecs/ros2_ws/install/realsense2_camera_msgs/lib:/home/jecs/ros2_ws/install/realsense2_camera/lib:/opt/ros/humble/opt/rviz_ogre_vendor/lib:/opt/ros/humble/lib/x86_64-linux-gnu:/opt/ros/humble/lib /usr/bin/cmake --build /home/jecs/ros2_ws/build/realsense2_camera -- -j8 -l8
[0.732s] DEBUG:colcon.colcon_core.event_handler.log_command:Invoking command in '/home/jecs/ros2_ws/build/realsense2_description': CMAKE_PREFIX_PATH=/home/jecs/ros2_ws/install/realsense2_camera_msgs:/home/jecs/ros2_ws/install/realsense2_description:/home/jecs/ros2_ws/install/realsense2_camera:/home/jecs/ros2_ws/install/test_depth:/opt/ros/humble LD_LIBRARY_PATH=/home/jecs/ros2_ws/install/realsense2_camera_msgs/lib:/home/jecs/ros2_ws/install/realsense2_camera/lib:/opt/ros/humble/opt/rviz_ogre_vendor/lib:/opt/ros/humble/lib/x86_64-linux-gnu:/opt/ros/humble/lib /usr/bin/cmake --build /home/jecs/ros2_ws/build/realsense2_description -- -j8 -l8
[0.758s] DEBUG:colcon.colcon_core.event_handler.log_command:Invoked command in '/home/jecs/ros2_ws/build/realsense2_description' returned '0': CMAKE_PREFIX_PATH=/home/jecs/ros2_ws/install/realsense2_camera_msgs:/home/jecs/ros2_ws/install/realsense2_description:/home/jecs/ros2_ws/install/realsense2_camera:/home/jecs/ros2_ws/install/test_depth:/opt/ros/humble LD_LIBRARY_PATH=/home/jecs/ros2_ws/install/realsense2_camera_msgs/lib:/home/jecs/ros2_ws/install/realsense2_camera/lib:/opt/ros/humble/opt/rviz_ogre_vendor/lib:/opt/ros/humble/lib/x86_64-linux-gnu:/opt/ros/humble/lib /usr/bin/cmake --build /home/jecs/ros2_ws/build/realsense2_description -- -j8 -l8
[0.759s] DEBUG:colcon.colcon_core.event_handler.log_command:Invoking command in '/home/jecs/ros2_ws/build/realsense2_description': CMAKE_PREFIX_PATH=/home/jecs/ros2_ws/install/realsense2_camera_msgs:/home/jecs/ros2_ws/install/realsense2_description:/home/jecs/ros2_ws/install/realsense2_camera:/home/jecs/ros2_ws/install/test_depth:/opt/ros/humble LD_LIBRARY_PATH=/home/jecs/ros2_ws/install/realsense2_camera_msgs/lib:/home/jecs/ros2_ws/install/realsense2_camera/lib:/opt/ros/humble/opt/rviz_ogre_vendor/lib:/opt/ros/humble/lib/x86_64-linux-gnu:/opt/ros/humble/lib /usr/bin/cmake --install /home/jecs/ros2_ws/build/realsense2_description
[0.779s] DEBUG:colcon.colcon_core.task.python.build:While undoing a previous installation files outside the Python library path are being ignored: /home/jecs/ros2_ws/install/test_depth/share/ament_index/resource_index/packages/test_depth
[0.779s] DEBUG:colcon.colcon_core.task.python.build:While undoing a previous installation files outside the Python library path are being ignored: /home/jecs/ros2_ws/install/test_depth/share/test_depth/package.xml
[0.779s] DEBUG:colcon.colcon_core.task.python.build:While undoing a previous installation files outside the Python library path are being ignored: /home/jecs/ros2_ws/install/test_depth/share/test_depth/launch/test_launch.py
[0.779s] DEBUG:colcon.colcon_core.task.python.build:While undoing a previous installation files outside the Python library path are being ignored: /home/jecs/ros2_ws/install/test_depth/share/test_depth/launch/send_compressed.launch.py
[0.779s] DEBUG:colcon.colcon_core.task.python.build:While undoing a previous installation files outside the Python library path are being ignored: /home/jecs/ros2_ws/install/test_depth/share/test_depth/launch/robot_launch.py
[0.779s] DEBUG:colcon.colcon_core.task.python.build:While undoing a previous installation files outside the Python library path are being ignored: /home/jecs/ros2_ws/install/test_depth/lib/test_depth/mode_manager
[0.779s] DEBUG:colcon.colcon_core.task.python.build:While undoing a previous installation files outside the Python library path are being ignored: /home/jecs/ros2_ws/install/test_depth/lib/test_depth/slope_trigger
[0.781s] Level 1:colcon.colcon_core.environment:create_environment_scripts_only(realsense2_description)
[0.781s] DEBUG:colcon.colcon_core.event_handler.log_command:Invoking command in '/home/jecs/ros2_ws/build/test_depth': PYTHONPATH=/home/jecs/ros2_ws/build/test_depth/prefix_override:/usr/lib/python3/dist-packages/colcon_core/task/python/colcon_distutils_commands:/home/jecs/ros2_ws/install/test_depth/lib/python3.10/site-packages:${PYTHONPATH} /usr/bin/python3 -W ignore:setup.py install is deprecated -W ignore:easy_install command is deprecated setup.py develop --editable --build-directory /home/jecs/ros2_ws/build/test_depth/build --no-deps symlink_data --force
[0.781s] Level 1:colcon.colcon_core.environment:checking '/home/jecs/ros2_ws/install/realsense2_description' for CMake module files
[0.782s] DEBUG:colcon.colcon_core.event_handler.log_command:Invoked command in '/home/jecs/ros2_ws/build/realsense2_description' returned '0': CMAKE_PREFIX_PATH=/home/jecs/ros2_ws/install/realsense2_camera_msgs:/home/jecs/ros2_ws/install/realsense2_description:/home/jecs/ros2_ws/install/realsense2_camera:/home/jecs/ros2_ws/install/test_depth:/opt/ros/humble LD_LIBRARY_PATH=/home/jecs/ros2_ws/install/realsense2_camera_msgs/lib:/home/jecs/ros2_ws/install/realsense2_camera/lib:/opt/ros/humble/opt/rviz_ogre_vendor/lib:/opt/ros/humble/lib/x86_64-linux-gnu:/opt/ros/humble/lib /usr/bin/cmake --install /home/jecs/ros2_ws/build/realsense2_description
[0.782s] Level 1:colcon.colcon_core.environment:checking '/home/jecs/ros2_ws/install/realsense2_description' for CMake config files
[0.783s] Level 1:colcon.colcon_core.shell:create_environment_hook('realsense2_description', 'cmake_prefix_path')
[0.783s] INFO:colcon.colcon_core.shell:Creating environment hook '/home/jecs/ros2_ws/install/realsense2_description/share/realsense2_description/hook/cmake_prefix_path.ps1'
[0.783s] INFO:colcon.colcon_core.shell:Creating environment descriptor '/home/jecs/ros2_ws/install/realsense2_description/share/realsense2_description/hook/cmake_prefix_path.dsv'
[0.784s] INFO:colcon.colcon_core.shell:Creating environment hook '/home/jecs/ros2_ws/install/realsense2_description/share/realsense2_description/hook/cmake_prefix_path.sh'
[0.784s] Level 1:colcon.colcon_core.environment:checking '/home/jecs/ros2_ws/install/realsense2_description/bin'
[0.784s] Level 1:colcon.colcon_core.environment:checking '/home/jecs/ros2_ws/install/realsense2_description/lib/pkgconfig/realsense2_description.pc'
[0.785s] Level 1:colcon.colcon_core.environment:checking '/home/jecs/ros2_ws/install/realsense2_description/lib/python3.10/site-packages'
[0.785s] Level 1:colcon.colcon_core.environment:checking '/home/jecs/ros2_ws/install/realsense2_description/bin'
[0.785s] INFO:colcon.colcon_core.shell:Creating package script '/home/jecs/ros2_ws/install/realsense2_description/share/realsense2_description/package.ps1'
[0.786s] INFO:colcon.colcon_core.shell:Creating package descriptor '/home/jecs/ros2_ws/install/realsense2_description/share/realsense2_description/package.dsv'
[0.786s] INFO:colcon.colcon_core.shell:Creating package script '/home/jecs/ros2_ws/install/realsense2_description/share/realsense2_description/package.sh'
[0.787s] INFO:colcon.colcon_core.shell:Creating package script '/home/jecs/ros2_ws/install/realsense2_description/share/realsense2_description/package.bash'
[0.787s] INFO:colcon.colcon_core.shell:Creating package script '/home/jecs/ros2_ws/install/realsense2_description/share/realsense2_description/package.zsh'
[0.787s] Level 1:colcon.colcon_core.environment:create_file_with_runtime_dependencies(/home/jecs/ros2_ws/install/realsense2_description/share/colcon-core/packages/realsense2_description)
[0.788s] Level 1:colcon.colcon_core.environment:create_environment_scripts_only(realsense2_description)
[0.788s] Level 1:colcon.colcon_core.environment:checking '/home/jecs/ros2_ws/install/realsense2_description' for CMake module files
[0.788s] Level 1:colcon.colcon_core.environment:checking '/home/jecs/ros2_ws/install/realsense2_description' for CMake config files
[0.789s] Level 1:colcon.colcon_core.shell:create_environment_hook('realsense2_description', 'cmake_prefix_path')
[0.789s] INFO:colcon.colcon_core.shell:Creating environment hook '/home/jecs/ros2_ws/install/realsense2_description/share/realsense2_description/hook/cmake_prefix_path.ps1'
[0.790s] INFO:colcon.colcon_core.shell:Creating environment descriptor '/home/jecs/ros2_ws/install/realsense2_description/share/realsense2_description/hook/cmake_prefix_path.dsv'
[0.790s] INFO:colcon.colcon_core.shell:Creating environment hook '/home/jecs/ros2_ws/install/realsense2_description/share/realsense2_description/hook/cmake_prefix_path.sh'
[0.790s] Level 1:colcon.colcon_core.environment:checking '/home/jecs/ros2_ws/install/realsense2_description/bin'
[0.791s] Level 1:colcon.colcon_core.environment:checking '/home/jecs/ros2_ws/install/realsense2_description/lib/pkgconfig/realsense2_description.pc'
[0.791s] Level 1:colcon.colcon_core.environment:checking '/home/jecs/ros2_ws/install/realsense2_description/lib/python3.10/site-packages'
[0.791s] Level 1:colcon.colcon_core.environment:checking '/home/jecs/ros2_ws/install/realsense2_description/bin'
[0.791s] INFO:colcon.colcon_core.shell:Creating package script '/home/jecs/ros2_ws/install/realsense2_description/share/realsense2_description/package.ps1'
[0.792s] INFO:colcon.colcon_core.shell:Creating package descriptor '/home/jecs/ros2_ws/install/realsense2_description/share/realsense2_description/package.dsv'
[0.793s] INFO:colcon.colcon_core.shell:Creating package script '/home/jecs/ros2_ws/install/realsense2_description/share/realsense2_description/package.sh'
[0.793s] INFO:colcon.colcon_core.shell:Creating package script '/home/jecs/ros2_ws/install/realsense2_description/share/realsense2_description/package.bash'
[0.793s] INFO:colcon.colcon_core.shell:Creating package script '/home/jecs/ros2_ws/install/realsense2_description/share/realsense2_description/package.zsh'
[0.794s] Level 1:colcon.colcon_core.environment:create_file_with_runtime_dependencies(/home/jecs/ros2_ws/install/realsense2_description/share/colcon-core/packages/realsense2_description)
[0.810s] DEBUG:colcon.colcon_core.event_handler.log_command:Invoked command in '/home/jecs/ros2_ws/build/realsense2_camera' returned '0': CMAKE_PREFIX_PATH=/home/jecs/ros2_ws/install/realsense2_camera_msgs:/home/jecs/ros2_ws/install/realsense2_description:/home/jecs/ros2_ws/install/realsense2_camera:/home/jecs/ros2_ws/install/test_depth:/opt/ros/humble LD_LIBRARY_PATH=/home/jecs/ros2_ws/install/realsense2_camera_msgs/lib:/home/jecs/ros2_ws/install/realsense2_camera/lib:/opt/ros/humble/opt/rviz_ogre_vendor/lib:/opt/ros/humble/lib/x86_64-linux-gnu:/opt/ros/humble/lib /usr/bin/cmake --build /home/jecs/ros2_ws/build/realsense2_camera -- -j8 -l8
[0.811s] DEBUG:colcon.colcon_core.event_handler.log_command:Invoking command in '/home/jecs/ros2_ws/build/realsense2_camera': CMAKE_PREFIX_PATH=/home/jecs/ros2_ws/install/realsense2_camera_msgs:/home/jecs/ros2_ws/install/realsense2_description:/home/jecs/ros2_ws/install/realsense2_camera:/home/jecs/ros2_ws/install/test_depth:/opt/ros/humble LD_LIBRARY_PATH=/home/jecs/ros2_ws/install/realsense2_camera_msgs/lib:/home/jecs/ros2_ws/install/realsense2_camera/lib:/opt/ros/humble/opt/rviz_ogre_vendor/lib:/opt/ros/humble/lib/x86_64-linux-gnu:/opt/ros/humble/lib /usr/bin/cmake --install /home/jecs/ros2_ws/build/realsense2_camera
[0.827s] Level 1:colcon.colcon_core.environment:create_environment_scripts_only(realsense2_camera)
[0.827s] Level 1:colcon.colcon_core.environment:checking '/home/jecs/ros2_ws/install/realsense2_camera' for CMake module files
[0.828s] DEBUG:colcon.colcon_core.event_handler.log_command:Invoked command in '/home/jecs/ros2_ws/build/realsense2_camera' returned '0': CMAKE_PREFIX_PATH=/home/jecs/ros2_ws/install/realsense2_camera_msgs:/home/jecs/ros2_ws/install/realsense2_description:/home/jecs/ros2_ws/install/realsense2_camera:/home/jecs/ros2_ws/install/test_depth:/opt/ros/humble LD_LIBRARY_PATH=/home/jecs/ros2_ws/install/realsense2_camera_msgs/lib:/home/jecs/ros2_ws/install/realsense2_camera/lib:/opt/ros/humble/opt/rviz_ogre_vendor/lib:/opt/ros/humble/lib/x86_64-linux-gnu:/opt/ros/humble/lib /usr/bin/cmake --install /home/jecs/ros2_ws/build/realsense2_camera
[0.828s] Level 1:colcon.colcon_core.environment:checking '/home/jecs/ros2_ws/install/realsense2_camera' for CMake config files
[0.829s] Level 1:colcon.colcon_core.shell:create_environment_hook('realsense2_camera', 'cmake_prefix_path')
[0.829s] INFO:colcon.colcon_core.shell:Creating environment hook '/home/jecs/ros2_ws/install/realsense2_camera/share/realsense2_camera/hook/cmake_prefix_path.ps1'
[0.829s] INFO:colcon.colcon_core.shell:Creating environment descriptor '/home/jecs/ros2_ws/install/realsense2_camera/share/realsense2_camera/hook/cmake_prefix_path.dsv'
[0.830s] INFO:colcon.colcon_core.shell:Creating environment hook '/home/jecs/ros2_ws/install/realsense2_camera/share/realsense2_camera/hook/cmake_prefix_path.sh'
[0.830s] Level 1:colcon.colcon_core.environment:checking '/home/jecs/ros2_ws/install/realsense2_camera/lib'
[0.830s] Level 1:colcon.colcon_core.shell:create_environment_hook('realsense2_camera', 'ld_library_path_lib')
[0.831s] INFO:colcon.colcon_core.shell:Creating environment hook '/home/jecs/ros2_ws/install/realsense2_camera/share/realsense2_camera/hook/ld_library_path_lib.ps1'
[0.831s] INFO:colcon.colcon_core.shell:Creating environment descriptor '/home/jecs/ros2_ws/install/realsense2_camera/share/realsense2_camera/hook/ld_library_path_lib.dsv'
[0.831s] INFO:colcon.colcon_core.shell:Creating environment hook '/home/jecs/ros2_ws/install/realsense2_camera/share/realsense2_camera/hook/ld_library_path_lib.sh'
[0.832s] Level 1:colcon.colcon_core.environment:checking '/home/jecs/ros2_ws/install/realsense2_camera/bin'
[0.832s] Level 1:colcon.colcon_core.environment:checking '/home/jecs/ros2_ws/install/realsense2_camera/lib/pkgconfig/realsense2_camera.pc'
[0.832s] Level 1:colcon.colcon_core.environment:checking '/home/jecs/ros2_ws/install/realsense2_camera/lib/python3.10/site-packages'
[0.832s] Level 1:colcon.colcon_core.environment:checking '/home/jecs/ros2_ws/install/realsense2_camera/bin'
[0.833s] INFO:colcon.colcon_core.shell:Creating package script '/home/jecs/ros2_ws/install/realsense2_camera/share/realsense2_camera/package.ps1'
[0.833s] INFO:colcon.colcon_core.shell:Creating package descriptor '/home/jecs/ros2_ws/install/realsense2_camera/share/realsense2_camera/package.dsv'
[0.834s] INFO:colcon.colcon_core.shell:Creating package script '/home/jecs/ros2_ws/install/realsense2_camera/share/realsense2_camera/package.sh'
[0.834s] INFO:colcon.colcon_core.shell:Creating package script '/home/jecs/ros2_ws/install/realsense2_camera/share/realsense2_camera/package.bash'
[0.834s] INFO:colcon.colcon_core.shell:Creating package script '/home/jecs/ros2_ws/install/realsense2_camera/share/realsense2_camera/package.zsh'
[0.835s] Level 1:colcon.colcon_core.environment:create_file_with_runtime_dependencies(/home/jecs/ros2_ws/install/realsense2_camera/share/colcon-core/packages/realsense2_camera)
[0.835s] Level 1:colcon.colcon_core.environment:create_environment_scripts_only(realsense2_camera)
[0.835s] Level 1:colcon.colcon_core.environment:checking '/home/jecs/ros2_ws/install/realsense2_camera' for CMake module files
[0.836s] Level 1:colcon.colcon_core.environment:checking '/home/jecs/ros2_ws/install/realsense2_camera' for CMake config files
[0.836s] Level 1:colcon.colcon_core.shell:create_environment_hook('realsense2_camera', 'cmake_prefix_path')
[0.837s] INFO:colcon.colcon_core.shell:Creating environment hook '/home/jecs/ros2_ws/install/realsense2_camera/share/realsense2_camera/hook/cmake_prefix_path.ps1'
[0.837s] INFO:colcon.colcon_core.shell:Creating environment descriptor '/home/jecs/ros2_ws/install/realsense2_camera/share/realsense2_camera/hook/cmake_prefix_path.dsv'
[0.837s] INFO:colcon.colcon_core.shell:Creating environment hook '/home/jecs/ros2_ws/install/realsense2_camera/share/realsense2_camera/hook/cmake_prefix_path.sh'
[0.838s] Level 1:colcon.colcon_core.environment:checking '/home/jecs/ros2_ws/install/realsense2_camera/lib'
[0.838s] Level 1:colcon.colcon_core.shell:create_environment_hook('realsense2_camera', 'ld_library_path_lib')
[0.838s] INFO:colcon.colcon_core.shell:Creating environment hook '/home/jecs/ros2_ws/install/realsense2_camera/share/realsense2_camera/hook/ld_library_path_lib.ps1'
[0.838s] INFO:colcon.colcon_core.shell:Creating environment descriptor '/home/jecs/ros2_ws/install/realsense2_camera/share/realsense2_camera/hook/ld_library_path_lib.dsv'
[0.839s] INFO:colcon.colcon_core.shell:Creating environment hook '/home/jecs/ros2_ws/install/realsense2_camera/share/realsense2_camera/hook/ld_library_path_lib.sh'
[0.839s] Level 1:colcon.colcon_core.environment:checking '/home/jecs/ros2_ws/install/realsense2_camera/bin'
[0.839s] Level 1:colcon.colcon_core.environment:checking '/home/jecs/ros2_ws/install/realsense2_camera/lib/pkgconfig/realsense2_camera.pc'
[0.839s] Level 1:colcon.colcon_core.environment:checking '/home/jecs/ros2_ws/install/realsense2_camera/lib/python3.10/site-packages'
[0.840s] Level 1:colcon.colcon_core.environment:checking '/home/jecs/ros2_ws/install/realsense2_camera/bin'
[0.840s] INFO:colcon.colcon_core.shell:Creating package script '/home/jecs/ros2_ws/install/realsense2_camera/share/realsense2_camera/package.ps1'
[0.841s] INFO:colcon.colcon_core.shell:Creating package descriptor '/home/jecs/ros2_ws/install/realsense2_camera/share/realsense2_camera/package.dsv'
[0.841s] INFO:colcon.colcon_core.shell:Creating package script '/home/jecs/ros2_ws/install/realsense2_camera/share/realsense2_camera/package.sh'
[0.841s] INFO:colcon.colcon_core.shell:Creating package script '/home/jecs/ros2_ws/install/realsense2_camera/share/realsense2_camera/package.bash'
[0.842s] INFO:colcon.colcon_core.shell:Creating package script '/home/jecs/ros2_ws/install/realsense2_camera/share/realsense2_camera/package.zsh'
[0.842s] Level 1:colcon.colcon_core.environment:create_file_with_runtime_dependencies(/home/jecs/ros2_ws/install/realsense2_camera/share/colcon-core/packages/realsense2_camera)
[1.054s] Level 1:colcon.colcon_core.shell:create_environment_hook('test_depth', 'pythonpath_develop')
[1.054s] INFO:colcon.colcon_core.shell:Creating environment hook '/home/jecs/ros2_ws/build/test_depth/share/test_depth/hook/pythonpath_develop.ps1'
[1.054s] DEBUG:colcon.colcon_core.event_handler.log_command:Invoked command in '/home/jecs/ros2_ws/build/test_depth' returned '0': PYTHONPATH=/home/jecs/ros2_ws/build/test_depth/prefix_override:/usr/lib/python3/dist-packages/colcon_core/task/python/colcon_distutils_commands:/home/jecs/ros2_ws/install/test_depth/lib/python3.10/site-packages:${PYTHONPATH} /usr/bin/python3 -W ignore:setup.py install is deprecated -W ignore:easy_install command is deprecated setup.py develop --editable --build-directory /home/jecs/ros2_ws/build/test_depth/build --no-deps symlink_data --force
[1.055s] INFO:colcon.colcon_core.shell:Creating environment descriptor '/home/jecs/ros2_ws/build/test_depth/share/test_depth/hook/pythonpath_develop.dsv'
[1.055s] INFO:colcon.colcon_core.shell:Creating environment hook '/home/jecs/ros2_ws/build/test_depth/share/test_depth/hook/pythonpath_develop.sh'
[1.055s] Level 1:colcon.colcon_core.environment:checking '/home/jecs/ros2_ws/install/test_depth' for CMake module files
[1.056s] Level 1:colcon.colcon_core.environment:checking '/home/jecs/ros2_ws/install/test_depth' for CMake config files
[1.056s] Level 1:colcon.colcon_core.environment:checking '/home/jecs/ros2_ws/install/test_depth/lib'
[1.056s] Level 1:colcon.colcon_core.environment:checking '/home/jecs/ros2_ws/install/test_depth/bin'
[1.056s] Level 1:colcon.colcon_core.environment:checking '/home/jecs/ros2_ws/install/test_depth/lib/pkgconfig/test_depth.pc'
[1.056s] Level 1:colcon.colcon_core.environment:checking '/home/jecs/ros2_ws/install/test_depth/lib/python3.10/site-packages'
[1.056s] Level 1:colcon.colcon_core.shell:create_environment_hook('test_depth', 'pythonpath')
[1.056s] INFO:colcon.colcon_core.shell:Creating environment hook '/home/jecs/ros2_ws/install/test_depth/share/test_depth/hook/pythonpath.ps1'
[1.057s] INFO:colcon.colcon_core.shell:Creating environment descriptor '/home/jecs/ros2_ws/install/test_depth/share/test_depth/hook/pythonpath.dsv'
[1.057s] INFO:colcon.colcon_core.shell:Creating environment hook '/home/jecs/ros2_ws/install/test_depth/share/test_depth/hook/pythonpath.sh'
[1.057s] Level 1:colcon.colcon_core.environment:checking '/home/jecs/ros2_ws/install/test_depth/bin'
[1.057s] Level 1:colcon.colcon_core.environment:create_environment_scripts_only(test_depth)
[1.058s] INFO:colcon.colcon_core.shell:Creating package script '/home/jecs/ros2_ws/install/test_depth/share/test_depth/package.ps1'
[1.058s] INFO:colcon.colcon_core.shell:Creating package descriptor '/home/jecs/ros2_ws/install/test_depth/share/test_depth/package.dsv'
[1.058s] INFO:colcon.colcon_core.shell:Creating package script '/home/jecs/ros2_ws/install/test_depth/share/test_depth/package.sh'
[1.058s] INFO:colcon.colcon_core.shell:Creating package script '/home/jecs/ros2_ws/install/test_depth/share/test_depth/package.bash'
[1.059s] INFO:colcon.colcon_core.shell:Creating package script '/home/jecs/ros2_ws/install/test_depth/share/test_depth/package.zsh'
[1.059s] Level 1:colcon.colcon_core.environment:create_file_with_runtime_dependencies(/home/jecs/ros2_ws/install/test_depth/share/colcon-core/packages/test_depth)
[1.059s] DEBUG:colcon.colcon_parallel_executor.executor.parallel:closing loop
[1.059s] DEBUG:colcon.colcon_parallel_executor.executor.parallel:loop closed
[1.059s] DEBUG:colcon.colcon_parallel_executor.executor.parallel:run_until_complete finished with '0'
[1.059s] DEBUG:colcon.colcon_core.event_reactor:joining thread
[1.063s] INFO:colcon.colcon_core.plugin_system:Skipping extension 'colcon_notification.desktop_notification.terminal_notifier': Not used on non-Darwin systems
[1.063s] INFO:colcon.colcon_core.plugin_system:Skipping extension 'colcon_notification.desktop_notification.win32': Not used on non-Windows systems
[1.063s] INFO:colcon.colcon_notification.desktop_notification:Sending desktop notification using 'notify2'
[1.071s] DEBUG:colcon.colcon_core.event_reactor:joined thread
[1.071s] INFO:colcon.colcon_core.shell:Creating prefix script '/home/jecs/ros2_ws/install/local_setup.ps1'
[1.072s] INFO:colcon.colcon_core.shell:Creating prefix util module '/home/jecs/ros2_ws/install/_local_setup_util_ps1.py'
[1.074s] INFO:colcon.colcon_core.shell:Creating prefix chain script '/home/jecs/ros2_ws/install/setup.ps1'
[1.074s] INFO:colcon.colcon_core.shell:Creating prefix script '/home/jecs/ros2_ws/install/local_setup.sh'
[1.075s] INFO:colcon.colcon_core.shell:Creating prefix util module '/home/jecs/ros2_ws/install/_local_setup_util_sh.py'
[1.075s] INFO:colcon.colcon_core.shell:Creating prefix chain script '/home/jecs/ros2_ws/install/setup.sh'
[1.076s] INFO:colcon.colcon_core.shell:Creating prefix script '/home/jecs/ros2_ws/install/local_setup.bash'
[1.076s] INFO:colcon.colcon_core.shell:Creating prefix chain script '/home/jecs/ros2_ws/install/setup.bash'
[1.077s] INFO:colcon.colcon_core.shell:Creating prefix script '/home/jecs/ros2_ws/install/local_setup.zsh'
[1.078s] INFO:colcon.colcon_core.shell:Creating prefix chain script '/home/jecs/ros2_ws/install/setup.zsh'
