[0.106s] DEBUG:colcon:Command line arguments: ['/usr/bin/colcon', 'build', '--symlink-install']
[0.106s] DEBUG:colcon:Parsed command line arguments: Namespace(log_base=None, log_level=None, verb_name='build', build_base='build', install_base='install', merge_install=False, symlink_install=True, test_result_base=None, continue_on_error=False, executor='parallel', parallel_workers=8, event_handlers=None, ignore_user_meta=False, metas=['./colcon.meta'], base_paths=['.'], packages_ignore=None, packages_ignore_regex=None, paths=None, packages_up_to=None, packages_up_to_regex=None, packages_above=None, packages_above_and_dependencies=None, packages_above_depth=None, packages_select_by_dep=None, packages_skip_by_dep=None, packages_skip_up_to=None, packages_select_build_failed=False, packages_skip_build_finished=False, packages_select_test_failures=False, packages_skip_test_passed=False, packages_select=None, packages_skip=None, packages_select_regex=None, packages_skip_regex=None, packages_start=None, packages_end=None, allow_overriding=[], cmake_args=None, cmake_target=None, cmake_target_skip_unavailable=False, cmake_clean_cache=False, cmake_clean_first=False, cmake_force_configure=False, ament_cmake_args=None, catkin_cmake_args=None, catkin_skip_building_tests=False, mixin_files=None, mixin=None, verb_parser=<colcon_mixin.mixin.mixin_argument.MixinArgumentDecorator object at 0x7f7a52954eb0>, verb_extension=<colcon_core.verb.build.BuildVerb object at 0x7f7a52954970>, main=<bound method BuildVerb.main of <colcon_core.verb.build.BuildVerb object at 0x7f7a52954970>>, mixin_verb=('build',))
[0.273s] Level 1:colcon.colcon_core.package_discovery:discover_packages(colcon_meta) check parameters
[0.274s] Level 1:colcon.colcon_core.package_discovery:discover_packages(recursive) check parameters
[0.274s] Level 1:colcon.colcon_core.package_discovery:discover_packages(ignore) check parameters
[0.274s] Level 1:colcon.colcon_core.package_discovery:discover_packages(path) check parameters
[0.274s] Level 1:colcon.colcon_core.package_discovery:discover_packages(colcon_meta) discover
[0.274s] Level 1:colcon.colcon_core.package_discovery:discover_packages(recursive) discover
[0.274s] INFO:colcon.colcon_core.package_discovery:Crawling recursively for packages in '/home/jecs/ros2_ws'
[0.274s] Level 1:colcon.colcon_core.package_identification:_identify(.) by extensions ['ignore', 'ignore_ament_install']
[0.274s] Level 1:colcon.colcon_core.package_identification:_identify(.) by extension 'ignore'
[0.274s] Level 1:colcon.colcon_core.package_identification:_identify(.) by extension 'ignore_ament_install'
[0.274s] Level 1:colcon.colcon_core.package_identification:_identify(.) by extensions ['colcon_pkg']
[0.274s] Level 1:colcon.colcon_core.package_identification:_identify(.) by extension 'colcon_pkg'
[0.274s] Level 1:colcon.colcon_core.package_identification:_identify(.) by extensions ['colcon_meta']
[0.274s] Level 1:colcon.colcon_core.package_identification:_identify(.) by extension 'colcon_meta'
[0.274s] Level 1:colcon.colcon_core.package_identification:_identify(.) by extensions ['ros']
[0.274s] Level 1:colcon.colcon_core.package_identification:_identify(.) by extension 'ros'
[0.283s] Level 1:colcon.colcon_core.package_identification:_identify(.) by extensions ['cmake', 'python']
[0.283s] Level 1:colcon.colcon_core.package_identification:_identify(.) by extension 'cmake'
[0.283s] Level 1:colcon.colcon_core.package_identification:_identify(.) by extension 'python'
[0.283s] Level 1:colcon.colcon_core.package_identification:_identify(.) by extensions ['python_setup_py']
[0.283s] Level 1:colcon.colcon_core.package_identification:_identify(.) by extension 'python_setup_py'
[0.283s] Level 1:colcon.colcon_core.package_identification:_identify(build) by extensions ['ignore', 'ignore_ament_install']
[0.283s] Level 1:colcon.colcon_core.package_identification:_identify(build) by extension 'ignore'
[0.283s] Level 1:colcon.colcon_core.package_identification:_identify(build) ignored
[0.283s] Level 1:colcon.colcon_core.package_identification:_identify(install) by extensions ['ignore', 'ignore_ament_install']
[0.283s] Level 1:colcon.colcon_core.package_identification:_identify(install) by extension 'ignore'
[0.283s] Level 1:colcon.colcon_core.package_identification:_identify(install) ignored
[0.284s] Level 1:colcon.colcon_core.package_identification:_identify(log) by extensions ['ignore', 'ignore_ament_install']
[0.284s] Level 1:colcon.colcon_core.package_identification:_identify(log) by extension 'ignore'
[0.284s] Level 1:colcon.colcon_core.package_identification:_identify(log) ignored
[0.284s] Level 1:colcon.colcon_core.package_identification:_identify(src) by extensions ['ignore', 'ignore_ament_install']
[0.284s] Level 1:colcon.colcon_core.package_identification:_identify(src) by extension 'ignore'
[0.284s] Level 1:colcon.colcon_core.package_identification:_identify(src) by extension 'ignore_ament_install'
[0.284s] Level 1:colcon.colcon_core.package_identification:_identify(src) by extensions ['colcon_pkg']
[0.284s] Level 1:colcon.colcon_core.package_identification:_identify(src) by extension 'colcon_pkg'
[0.284s] Level 1:colcon.colcon_core.package_identification:_identify(src) by extensions ['colcon_meta']
[0.284s] Level 1:colcon.colcon_core.package_identification:_identify(src) by extension 'colcon_meta'
[0.284s] Level 1:colcon.colcon_core.package_identification:_identify(src) by extensions ['ros']
[0.284s] Level 1:colcon.colcon_core.package_identification:_identify(src) by extension 'ros'
[0.284s] Level 1:colcon.colcon_core.package_identification:_identify(src) by extensions ['cmake', 'python']
[0.284s] Level 1:colcon.colcon_core.package_identification:_identify(src) by extension 'cmake'
[0.284s] Level 1:colcon.colcon_core.package_identification:_identify(src) by extension 'python'
[0.284s] Level 1:colcon.colcon_core.package_identification:_identify(src) by extensions ['python_setup_py']
[0.284s] Level 1:colcon.colcon_core.package_identification:_identify(src) by extension 'python_setup_py'
[0.284s] Level 1:colcon.colcon_core.package_identification:_identify(src/realsense-ros) by extensions ['ignore', 'ignore_ament_install']
[0.284s] Level 1:colcon.colcon_core.package_identification:_identify(src/realsense-ros) by extension 'ignore'
[0.284s] Level 1:colcon.colcon_core.package_identification:_identify(src/realsense-ros) by extension 'ignore_ament_install'
[0.284s] Level 1:colcon.colcon_core.package_identification:_identify(src/realsense-ros) by extensions ['colcon_pkg']
[0.284s] Level 1:colcon.colcon_core.package_identification:_identify(src/realsense-ros) by extension 'colcon_pkg'
[0.284s] Level 1:colcon.colcon_core.package_identification:_identify(src/realsense-ros) by extensions ['colcon_meta']
[0.284s] Level 1:colcon.colcon_core.package_identification:_identify(src/realsense-ros) by extension 'colcon_meta'
[0.284s] Level 1:colcon.colcon_core.package_identification:_identify(src/realsense-ros) by extensions ['ros']
[0.284s] Level 1:colcon.colcon_core.package_identification:_identify(src/realsense-ros) by extension 'ros'
[0.284s] Level 1:colcon.colcon_core.package_identification:_identify(src/realsense-ros) by extensions ['cmake', 'python']
[0.284s] Level 1:colcon.colcon_core.package_identification:_identify(src/realsense-ros) by extension 'cmake'
[0.284s] Level 1:colcon.colcon_core.package_identification:_identify(src/realsense-ros) by extension 'python'
[0.284s] Level 1:colcon.colcon_core.package_identification:_identify(src/realsense-ros) by extensions ['python_setup_py']
[0.284s] Level 1:colcon.colcon_core.package_identification:_identify(src/realsense-ros) by extension 'python_setup_py'
[0.284s] Level 1:colcon.colcon_core.package_identification:_identify(src/realsense-ros/realsense2_camera) by extensions ['ignore', 'ignore_ament_install']
[0.284s] Level 1:colcon.colcon_core.package_identification:_identify(src/realsense-ros/realsense2_camera) by extension 'ignore'
[0.284s] Level 1:colcon.colcon_core.package_identification:_identify(src/realsense-ros/realsense2_camera) by extension 'ignore_ament_install'
[0.284s] Level 1:colcon.colcon_core.package_identification:_identify(src/realsense-ros/realsense2_camera) by extensions ['colcon_pkg']
[0.284s] Level 1:colcon.colcon_core.package_identification:_identify(src/realsense-ros/realsense2_camera) by extension 'colcon_pkg'
[0.285s] Level 1:colcon.colcon_core.package_identification:_identify(src/realsense-ros/realsense2_camera) by extensions ['colcon_meta']
[0.285s] Level 1:colcon.colcon_core.package_identification:_identify(src/realsense-ros/realsense2_camera) by extension 'colcon_meta'
[0.285s] Level 1:colcon.colcon_core.package_identification:_identify(src/realsense-ros/realsense2_camera) by extensions ['ros']
[0.285s] Level 1:colcon.colcon_core.package_identification:_identify(src/realsense-ros/realsense2_camera) by extension 'ros'
[0.288s] DEBUG:colcon.colcon_core.package_identification:Package 'src/realsense-ros/realsense2_camera' with type 'ros.ament_cmake' and name 'realsense2_camera'
[0.288s] Level 1:colcon.colcon_core.package_identification:_identify(src/realsense-ros/realsense2_camera_msgs) by extensions ['ignore', 'ignore_ament_install']
[0.288s] Level 1:colcon.colcon_core.package_identification:_identify(src/realsense-ros/realsense2_camera_msgs) by extension 'ignore'
[0.288s] Level 1:colcon.colcon_core.package_identification:_identify(src/realsense-ros/realsense2_camera_msgs) by extension 'ignore_ament_install'
[0.288s] Level 1:colcon.colcon_core.package_identification:_identify(src/realsense-ros/realsense2_camera_msgs) by extensions ['colcon_pkg']
[0.288s] Level 1:colcon.colcon_core.package_identification:_identify(src/realsense-ros/realsense2_camera_msgs) by extension 'colcon_pkg'
[0.288s] Level 1:colcon.colcon_core.package_identification:_identify(src/realsense-ros/realsense2_camera_msgs) by extensions ['colcon_meta']
[0.288s] Level 1:colcon.colcon_core.package_identification:_identify(src/realsense-ros/realsense2_camera_msgs) by extension 'colcon_meta'
[0.288s] Level 1:colcon.colcon_core.package_identification:_identify(src/realsense-ros/realsense2_camera_msgs) by extensions ['ros']
[0.288s] Level 1:colcon.colcon_core.package_identification:_identify(src/realsense-ros/realsense2_camera_msgs) by extension 'ros'
[0.288s] DEBUG:colcon.colcon_core.package_identification:Package 'src/realsense-ros/realsense2_camera_msgs' with type 'ros.ament_cmake' and name 'realsense2_camera_msgs'
[0.288s] Level 1:colcon.colcon_core.package_identification:_identify(src/realsense-ros/realsense2_description) by extensions ['ignore', 'ignore_ament_install']
[0.289s] Level 1:colcon.colcon_core.package_identification:_identify(src/realsense-ros/realsense2_description) by extension 'ignore'
[0.289s] Level 1:colcon.colcon_core.package_identification:_identify(src/realsense-ros/realsense2_description) by extension 'ignore_ament_install'
[0.289s] Level 1:colcon.colcon_core.package_identification:_identify(src/realsense-ros/realsense2_description) by extensions ['colcon_pkg']
[0.289s] Level 1:colcon.colcon_core.package_identification:_identify(src/realsense-ros/realsense2_description) by extension 'colcon_pkg'
[0.289s] Level 1:colcon.colcon_core.package_identification:_identify(src/realsense-ros/realsense2_description) by extensions ['colcon_meta']
[0.289s] Level 1:colcon.colcon_core.package_identification:_identify(src/realsense-ros/realsense2_description) by extension 'colcon_meta'
[0.289s] Level 1:colcon.colcon_core.package_identification:_identify(src/realsense-ros/realsense2_description) by extensions ['ros']
[0.289s] Level 1:colcon.colcon_core.package_identification:_identify(src/realsense-ros/realsense2_description) by extension 'ros'
[0.289s] DEBUG:colcon.colcon_core.package_identification:Package 'src/realsense-ros/realsense2_description' with type 'ros.ament_cmake' and name 'realsense2_description'
[0.289s] Level 1:colcon.colcon_core.package_discovery:discover_packages(recursive) using defaults
[0.289s] Level 1:colcon.colcon_core.package_discovery:discover_packages(ignore) discover
[0.289s] Level 1:colcon.colcon_core.package_discovery:discover_packages(ignore) using defaults
[0.289s] Level 1:colcon.colcon_core.package_discovery:discover_packages(path) discover
[0.289s] Level 1:colcon.colcon_core.package_discovery:discover_packages(path) using defaults
[0.315s] Level 1:colcon.colcon_core.package_discovery:discover_packages(prefix_path) check parameters
[0.315s] Level 1:colcon.colcon_core.package_discovery:discover_packages(prefix_path) discover
[0.318s] DEBUG:colcon.colcon_installed_package_information.package_discovery:Found 276 installed packages in /opt/ros/humble
[0.319s] Level 1:colcon.colcon_core.package_discovery:discover_packages(prefix_path) using defaults
[0.340s] Level 5:colcon.colcon_core.verb:set package 'realsense2_camera_msgs' build argument 'cmake_args' from command line to 'None'
[0.340s] Level 5:colcon.colcon_core.verb:set package 'realsense2_camera_msgs' build argument 'cmake_target' from command line to 'None'
[0.340s] Level 5:colcon.colcon_core.verb:set package 'realsense2_camera_msgs' build argument 'cmake_target_skip_unavailable' from command line to 'False'
[0.340s] Level 5:colcon.colcon_core.verb:set package 'realsense2_camera_msgs' build argument 'cmake_clean_cache' from command line to 'False'
[0.340s] Level 5:colcon.colcon_core.verb:set package 'realsense2_camera_msgs' build argument 'cmake_clean_first' from command line to 'False'
[0.340s] Level 5:colcon.colcon_core.verb:set package 'realsense2_camera_msgs' build argument 'cmake_force_configure' from command line to 'False'
[0.340s] Level 5:colcon.colcon_core.verb:set package 'realsense2_camera_msgs' build argument 'ament_cmake_args' from command line to 'None'
[0.340s] Level 5:colcon.colcon_core.verb:set package 'realsense2_camera_msgs' build argument 'catkin_cmake_args' from command line to 'None'
[0.340s] Level 5:colcon.colcon_core.verb:set package 'realsense2_camera_msgs' build argument 'catkin_skip_building_tests' from command line to 'False'
[0.340s] DEBUG:colcon.colcon_core.verb:Building package 'realsense2_camera_msgs' with the following arguments: {'ament_cmake_args': None, 'build_base': '/home/jecs/ros2_ws/build/realsense2_camera_msgs', 'catkin_cmake_args': None, 'catkin_skip_building_tests': False, 'cmake_args': None, 'cmake_clean_cache': False, 'cmake_clean_first': False, 'cmake_force_configure': False, 'cmake_target': None, 'cmake_target_skip_unavailable': False, 'install_base': '/home/jecs/ros2_ws/install/realsense2_camera_msgs', 'merge_install': False, 'path': '/home/jecs/ros2_ws/src/realsense-ros/realsense2_camera_msgs', 'symlink_install': True, 'test_result_base': None}
[0.340s] Level 5:colcon.colcon_core.verb:set package 'realsense2_camera' build argument 'cmake_args' from command line to 'None'
[0.340s] Level 5:colcon.colcon_core.verb:set package 'realsense2_camera' build argument 'cmake_target' from command line to 'None'
[0.340s] Level 5:colcon.colcon_core.verb:set package 'realsense2_camera' build argument 'cmake_target_skip_unavailable' from command line to 'False'
[0.340s] Level 5:colcon.colcon_core.verb:set package 'realsense2_camera' build argument 'cmake_clean_cache' from command line to 'False'
[0.340s] Level 5:colcon.colcon_core.verb:set package 'realsense2_camera' build argument 'cmake_clean_first' from command line to 'False'
[0.340s] Level 5:colcon.colcon_core.verb:set package 'realsense2_camera' build argument 'cmake_force_configure' from command line to 'False'
[0.340s] Level 5:colcon.colcon_core.verb:set package 'realsense2_camera' build argument 'ament_cmake_args' from command line to 'None'
[0.340s] Level 5:colcon.colcon_core.verb:set package 'realsense2_camera' build argument 'catkin_cmake_args' from command line to 'None'
[0.340s] Level 5:colcon.colcon_core.verb:set package 'realsense2_camera' build argument 'catkin_skip_building_tests' from command line to 'False'
[0.340s] DEBUG:colcon.colcon_core.verb:Building package 'realsense2_camera' with the following arguments: {'ament_cmake_args': None, 'build_base': '/home/jecs/ros2_ws/build/realsense2_camera', 'catkin_cmake_args': None, 'catkin_skip_building_tests': False, 'cmake_args': None, 'cmake_clean_cache': False, 'cmake_clean_first': False, 'cmake_force_configure': False, 'cmake_target': None, 'cmake_target_skip_unavailable': False, 'install_base': '/home/jecs/ros2_ws/install/realsense2_camera', 'merge_install': False, 'path': '/home/jecs/ros2_ws/src/realsense-ros/realsense2_camera', 'symlink_install': True, 'test_result_base': None}
[0.341s] Level 5:colcon.colcon_core.verb:set package 'realsense2_description' build argument 'cmake_args' from command line to 'None'
[0.341s] Level 5:colcon.colcon_core.verb:set package 'realsense2_description' build argument 'cmake_target' from command line to 'None'
[0.341s] Level 5:colcon.colcon_core.verb:set package 'realsense2_description' build argument 'cmake_target_skip_unavailable' from command line to 'False'
[0.341s] Level 5:colcon.colcon_core.verb:set package 'realsense2_description' build argument 'cmake_clean_cache' from command line to 'False'
[0.341s] Level 5:colcon.colcon_core.verb:set package 'realsense2_description' build argument 'cmake_clean_first' from command line to 'False'
[0.341s] Level 5:colcon.colcon_core.verb:set package 'realsense2_description' build argument 'cmake_force_configure' from command line to 'False'
[0.341s] Level 5:colcon.colcon_core.verb:set package 'realsense2_description' build argument 'ament_cmake_args' from command line to 'None'
[0.341s] Level 5:colcon.colcon_core.verb:set package 'realsense2_description' build argument 'catkin_cmake_args' from command line to 'None'
[0.341s] Level 5:colcon.colcon_core.verb:set package 'realsense2_description' build argument 'catkin_skip_building_tests' from command line to 'False'
[0.341s] DEBUG:colcon.colcon_core.verb:Building package 'realsense2_description' with the following arguments: {'ament_cmake_args': None, 'build_base': '/home/jecs/ros2_ws/build/realsense2_description', 'catkin_cmake_args': None, 'catkin_skip_building_tests': False, 'cmake_args': None, 'cmake_clean_cache': False, 'cmake_clean_first': False, 'cmake_force_configure': False, 'cmake_target': None, 'cmake_target_skip_unavailable': False, 'install_base': '/home/jecs/ros2_ws/install/realsense2_description', 'merge_install': False, 'path': '/home/jecs/ros2_ws/src/realsense-ros/realsense2_description', 'symlink_install': True, 'test_result_base': None}
[0.341s] INFO:colcon.colcon_core.executor:Executing jobs using 'parallel' executor
[0.342s] DEBUG:colcon.colcon_parallel_executor.executor.parallel:run_until_complete
[0.342s] INFO:colcon.colcon_ros.task.ament_cmake.build:Building ROS package in '/home/jecs/ros2_ws/src/realsense-ros/realsense2_camera_msgs' with build type 'ament_cmake'
[0.342s] INFO:colcon.colcon_cmake.task.cmake.build:Building CMake package in '/home/jecs/ros2_ws/src/realsense-ros/realsense2_camera_msgs'
[0.346s] INFO:colcon.colcon_core.plugin_system:Skipping extension 'colcon_core.shell.bat': Not used on non-Windows systems
[0.346s] INFO:colcon.colcon_core.shell:Skip shell extension 'powershell' for command environment: Not usable outside of PowerShell
[0.346s] DEBUG:colcon.colcon_core.shell:Skip shell extension 'dsv' for command environment
[0.351s] DEBUG:colcon.colcon_core.event_handler.log_command:Invoking command in '/home/jecs/ros2_ws/build/realsense2_camera_msgs': CMAKE_PREFIX_PATH=/opt/ros/humble /usr/bin/cmake /home/jecs/ros2_ws/src/realsense-ros/realsense2_camera_msgs -DAMENT_CMAKE_SYMLINK_INSTALL=1 -DCMAKE_INSTALL_PREFIX=/home/jecs/ros2_ws/install/realsense2_camera_msgs
[1.705s] DEBUG:colcon.colcon_core.event_handler.log_command:Invoked command in '/home/jecs/ros2_ws/build/realsense2_camera_msgs' returned '0': CMAKE_PREFIX_PATH=/opt/ros/humble /usr/bin/cmake /home/jecs/ros2_ws/src/realsense-ros/realsense2_camera_msgs -DAMENT_CMAKE_SYMLINK_INSTALL=1 -DCMAKE_INSTALL_PREFIX=/home/jecs/ros2_ws/install/realsense2_camera_msgs
[1.705s] DEBUG:colcon.colcon_core.event_handler.log_command:Invoking command in '/home/jecs/ros2_ws/build/realsense2_camera_msgs': CMAKE_PREFIX_PATH=/opt/ros/humble /usr/bin/cmake --build /home/jecs/ros2_ws/build/realsense2_camera_msgs -- -j8 -l8
[4.271s] DEBUG:colcon.colcon_core.event_handler.log_command:Invoked command in '/home/jecs/ros2_ws/build/realsense2_camera_msgs' returned '0': CMAKE_PREFIX_PATH=/opt/ros/humble /usr/bin/cmake --build /home/jecs/ros2_ws/build/realsense2_camera_msgs -- -j8 -l8
[4.277s] DEBUG:colcon.colcon_core.event_handler.log_command:Invoking command in '/home/jecs/ros2_ws/build/realsense2_camera_msgs': CMAKE_PREFIX_PATH=/opt/ros/humble /usr/bin/cmake --install /home/jecs/ros2_ws/build/realsense2_camera_msgs
[4.882s] Level 1:colcon.colcon_core.environment:create_environment_scripts_only(realsense2_camera_msgs)
[4.882s] DEBUG:colcon.colcon_core.event_handler.log_command:Invoked command in '/home/jecs/ros2_ws/build/realsense2_camera_msgs' returned '0': CMAKE_PREFIX_PATH=/opt/ros/humble /usr/bin/cmake --install /home/jecs/ros2_ws/build/realsense2_camera_msgs
[4.887s] Level 1:colcon.colcon_core.environment:checking '/home/jecs/ros2_ws/install/realsense2_camera_msgs' for CMake module files
[4.887s] Level 1:colcon.colcon_core.environment:checking '/home/jecs/ros2_ws/install/realsense2_camera_msgs' for CMake config files
[4.887s] Level 1:colcon.colcon_core.shell:create_environment_hook('realsense2_camera_msgs', 'cmake_prefix_path')
[4.888s] INFO:colcon.colcon_core.shell:Creating environment hook '/home/jecs/ros2_ws/install/realsense2_camera_msgs/share/realsense2_camera_msgs/hook/cmake_prefix_path.ps1'
[4.888s] INFO:colcon.colcon_core.shell:Creating environment descriptor '/home/jecs/ros2_ws/install/realsense2_camera_msgs/share/realsense2_camera_msgs/hook/cmake_prefix_path.dsv'
[4.889s] INFO:colcon.colcon_core.shell:Creating environment hook '/home/jecs/ros2_ws/install/realsense2_camera_msgs/share/realsense2_camera_msgs/hook/cmake_prefix_path.sh'
[4.889s] Level 1:colcon.colcon_core.environment:checking '/home/jecs/ros2_ws/install/realsense2_camera_msgs/lib'
[4.890s] Level 1:colcon.colcon_core.shell:create_environment_hook('realsense2_camera_msgs', 'ld_library_path_lib')
[4.890s] INFO:colcon.colcon_core.shell:Creating environment hook '/home/jecs/ros2_ws/install/realsense2_camera_msgs/share/realsense2_camera_msgs/hook/ld_library_path_lib.ps1'
[4.890s] INFO:colcon.colcon_core.shell:Creating environment descriptor '/home/jecs/ros2_ws/install/realsense2_camera_msgs/share/realsense2_camera_msgs/hook/ld_library_path_lib.dsv'
[4.890s] INFO:colcon.colcon_core.shell:Creating environment hook '/home/jecs/ros2_ws/install/realsense2_camera_msgs/share/realsense2_camera_msgs/hook/ld_library_path_lib.sh'
[4.890s] Level 1:colcon.colcon_core.environment:checking '/home/jecs/ros2_ws/install/realsense2_camera_msgs/bin'
[4.890s] Level 1:colcon.colcon_core.environment:checking '/home/jecs/ros2_ws/install/realsense2_camera_msgs/lib/pkgconfig/realsense2_camera_msgs.pc'
[4.890s] Level 1:colcon.colcon_core.environment:checking '/home/jecs/ros2_ws/install/realsense2_camera_msgs/lib/python3.10/site-packages'
[4.891s] Level 1:colcon.colcon_core.environment:checking '/home/jecs/ros2_ws/install/realsense2_camera_msgs/bin'
[4.891s] INFO:colcon.colcon_core.shell:Creating package script '/home/jecs/ros2_ws/install/realsense2_camera_msgs/share/realsense2_camera_msgs/package.ps1'
[4.891s] INFO:colcon.colcon_core.shell:Creating package descriptor '/home/jecs/ros2_ws/install/realsense2_camera_msgs/share/realsense2_camera_msgs/package.dsv'
[4.892s] INFO:colcon.colcon_core.shell:Creating package script '/home/jecs/ros2_ws/install/realsense2_camera_msgs/share/realsense2_camera_msgs/package.sh'
[4.892s] INFO:colcon.colcon_core.shell:Creating package script '/home/jecs/ros2_ws/install/realsense2_camera_msgs/share/realsense2_camera_msgs/package.bash'
[4.893s] INFO:colcon.colcon_core.shell:Creating package script '/home/jecs/ros2_ws/install/realsense2_camera_msgs/share/realsense2_camera_msgs/package.zsh'
[4.894s] Level 1:colcon.colcon_core.environment:create_file_with_runtime_dependencies(/home/jecs/ros2_ws/install/realsense2_camera_msgs/share/colcon-core/packages/realsense2_camera_msgs)
[4.894s] Level 1:colcon.colcon_core.environment:create_environment_scripts_only(realsense2_camera_msgs)
[4.894s] Level 1:colcon.colcon_core.environment:checking '/home/jecs/ros2_ws/install/realsense2_camera_msgs' for CMake module files
[4.895s] Level 1:colcon.colcon_core.environment:checking '/home/jecs/ros2_ws/install/realsense2_camera_msgs' for CMake config files
[4.895s] Level 1:colcon.colcon_core.shell:create_environment_hook('realsense2_camera_msgs', 'cmake_prefix_path')
[4.895s] INFO:colcon.colcon_core.shell:Creating environment hook '/home/jecs/ros2_ws/install/realsense2_camera_msgs/share/realsense2_camera_msgs/hook/cmake_prefix_path.ps1'
[4.895s] INFO:colcon.colcon_core.shell:Creating environment descriptor '/home/jecs/ros2_ws/install/realsense2_camera_msgs/share/realsense2_camera_msgs/hook/cmake_prefix_path.dsv'
[4.895s] INFO:colcon.colcon_core.shell:Creating environment hook '/home/jecs/ros2_ws/install/realsense2_camera_msgs/share/realsense2_camera_msgs/hook/cmake_prefix_path.sh'
[4.896s] Level 1:colcon.colcon_core.environment:checking '/home/jecs/ros2_ws/install/realsense2_camera_msgs/lib'
[4.896s] Level 1:colcon.colcon_core.shell:create_environment_hook('realsense2_camera_msgs', 'ld_library_path_lib')
[4.896s] INFO:colcon.colcon_core.shell:Creating environment hook '/home/jecs/ros2_ws/install/realsense2_camera_msgs/share/realsense2_camera_msgs/hook/ld_library_path_lib.ps1'
[4.896s] INFO:colcon.colcon_core.shell:Creating environment descriptor '/home/jecs/ros2_ws/install/realsense2_camera_msgs/share/realsense2_camera_msgs/hook/ld_library_path_lib.dsv'
[4.896s] INFO:colcon.colcon_core.shell:Creating environment hook '/home/jecs/ros2_ws/install/realsense2_camera_msgs/share/realsense2_camera_msgs/hook/ld_library_path_lib.sh'
[4.897s] Level 1:colcon.colcon_core.environment:checking '/home/jecs/ros2_ws/install/realsense2_camera_msgs/bin'
[4.897s] Level 1:colcon.colcon_core.environment:checking '/home/jecs/ros2_ws/install/realsense2_camera_msgs/lib/pkgconfig/realsense2_camera_msgs.pc'
[4.897s] Level 1:colcon.colcon_core.environment:checking '/home/jecs/ros2_ws/install/realsense2_camera_msgs/lib/python3.10/site-packages'
[4.897s] Level 1:colcon.colcon_core.environment:checking '/home/jecs/ros2_ws/install/realsense2_camera_msgs/bin'
[4.897s] INFO:colcon.colcon_core.shell:Creating package script '/home/jecs/ros2_ws/install/realsense2_camera_msgs/share/realsense2_camera_msgs/package.ps1'
[4.898s] INFO:colcon.colcon_core.shell:Creating package descriptor '/home/jecs/ros2_ws/install/realsense2_camera_msgs/share/realsense2_camera_msgs/package.dsv'
[4.898s] INFO:colcon.colcon_core.shell:Creating package script '/home/jecs/ros2_ws/install/realsense2_camera_msgs/share/realsense2_camera_msgs/package.sh'
[4.898s] INFO:colcon.colcon_core.shell:Creating package script '/home/jecs/ros2_ws/install/realsense2_camera_msgs/share/realsense2_camera_msgs/package.bash'
[4.899s] INFO:colcon.colcon_core.shell:Creating package script '/home/jecs/ros2_ws/install/realsense2_camera_msgs/share/realsense2_camera_msgs/package.zsh'
[4.899s] Level 1:colcon.colcon_core.environment:create_file_with_runtime_dependencies(/home/jecs/ros2_ws/install/realsense2_camera_msgs/share/colcon-core/packages/realsense2_camera_msgs)
[4.899s] INFO:colcon.colcon_ros.task.ament_cmake.build:Building ROS package in '/home/jecs/ros2_ws/src/realsense-ros/realsense2_camera' with build type 'ament_cmake'
[4.899s] INFO:colcon.colcon_cmake.task.cmake.build:Building CMake package in '/home/jecs/ros2_ws/src/realsense-ros/realsense2_camera'
[4.899s] INFO:colcon.colcon_core.shell:Skip shell extension 'powershell' for command environment: Not usable outside of PowerShell
[4.899s] DEBUG:colcon.colcon_core.shell:Skip shell extension 'dsv' for command environment
[4.901s] INFO:colcon.colcon_ros.task.ament_cmake.build:Building ROS package in '/home/jecs/ros2_ws/src/realsense-ros/realsense2_description' with build type 'ament_cmake'
[4.901s] INFO:colcon.colcon_cmake.task.cmake.build:Building CMake package in '/home/jecs/ros2_ws/src/realsense-ros/realsense2_description'
[4.901s] INFO:colcon.colcon_core.shell:Skip shell extension 'powershell' for command environment: Not usable outside of PowerShell
[4.901s] DEBUG:colcon.colcon_core.shell:Skip shell extension 'dsv' for command environment
[4.905s] DEBUG:colcon.colcon_core.event_handler.log_command:Invoking command in '/home/jecs/ros2_ws/build/realsense2_camera': AMENT_PREFIX_PATH=/home/jecs/ros2_ws/install/realsense2_camera_msgs:${AMENT_PREFIX_PATH} CMAKE_PREFIX_PATH=/home/jecs/ros2_ws/install/realsense2_camera_msgs:/opt/ros/humble LD_LIBRARY_PATH=/home/jecs/ros2_ws/install/realsense2_camera_msgs/lib:${LD_LIBRARY_PATH} PYTHONPATH=/home/jecs/ros2_ws/install/realsense2_camera_msgs/local/lib/python3.10/dist-packages:${PYTHONPATH} /usr/bin/cmake /home/jecs/ros2_ws/src/realsense-ros/realsense2_camera -DAMENT_CMAKE_SYMLINK_INSTALL=1 -DCMAKE_INSTALL_PREFIX=/home/jecs/ros2_ws/install/realsense2_camera
[4.907s] DEBUG:colcon.colcon_core.event_handler.log_command:Invoking command in '/home/jecs/ros2_ws/build/realsense2_description': AMENT_PREFIX_PATH=/home/jecs/ros2_ws/install/realsense2_camera_msgs:${AMENT_PREFIX_PATH} CMAKE_PREFIX_PATH=/home/jecs/ros2_ws/install/realsense2_camera_msgs:/opt/ros/humble LD_LIBRARY_PATH=/home/jecs/ros2_ws/install/realsense2_camera_msgs/lib:${LD_LIBRARY_PATH} PYTHONPATH=/home/jecs/ros2_ws/install/realsense2_camera_msgs/local/lib/python3.10/dist-packages:${PYTHONPATH} /usr/bin/cmake /home/jecs/ros2_ws/src/realsense-ros/realsense2_description -DAMENT_CMAKE_SYMLINK_INSTALL=1 -DCMAKE_INSTALL_PREFIX=/home/jecs/ros2_ws/install/realsense2_description
[5.301s] DEBUG:colcon.colcon_core.event_handler.log_command:Invoked command in '/home/jecs/ros2_ws/build/realsense2_description' returned '0': AMENT_PREFIX_PATH=/home/jecs/ros2_ws/install/realsense2_camera_msgs:${AMENT_PREFIX_PATH} CMAKE_PREFIX_PATH=/home/jecs/ros2_ws/install/realsense2_camera_msgs:/opt/ros/humble LD_LIBRARY_PATH=/home/jecs/ros2_ws/install/realsense2_camera_msgs/lib:${LD_LIBRARY_PATH} PYTHONPATH=/home/jecs/ros2_ws/install/realsense2_camera_msgs/local/lib/python3.10/dist-packages:${PYTHONPATH} /usr/bin/cmake /home/jecs/ros2_ws/src/realsense-ros/realsense2_description -DAMENT_CMAKE_SYMLINK_INSTALL=1 -DCMAKE_INSTALL_PREFIX=/home/jecs/ros2_ws/install/realsense2_description
[5.302s] DEBUG:colcon.colcon_core.event_handler.log_command:Invoking command in '/home/jecs/ros2_ws/build/realsense2_description': AMENT_PREFIX_PATH=/home/jecs/ros2_ws/install/realsense2_camera_msgs:${AMENT_PREFIX_PATH} CMAKE_PREFIX_PATH=/home/jecs/ros2_ws/install/realsense2_camera_msgs:/opt/ros/humble LD_LIBRARY_PATH=/home/jecs/ros2_ws/install/realsense2_camera_msgs/lib:${LD_LIBRARY_PATH} PYTHONPATH=/home/jecs/ros2_ws/install/realsense2_camera_msgs/local/lib/python3.10/dist-packages:${PYTHONPATH} /usr/bin/cmake --build /home/jecs/ros2_ws/build/realsense2_description -- -j8 -l8
[5.325s] DEBUG:colcon.colcon_core.event_handler.log_command:Invoked command in '/home/jecs/ros2_ws/build/realsense2_description' returned '0': AMENT_PREFIX_PATH=/home/jecs/ros2_ws/install/realsense2_camera_msgs:${AMENT_PREFIX_PATH} CMAKE_PREFIX_PATH=/home/jecs/ros2_ws/install/realsense2_camera_msgs:/opt/ros/humble LD_LIBRARY_PATH=/home/jecs/ros2_ws/install/realsense2_camera_msgs/lib:${LD_LIBRARY_PATH} PYTHONPATH=/home/jecs/ros2_ws/install/realsense2_camera_msgs/local/lib/python3.10/dist-packages:${PYTHONPATH} /usr/bin/cmake --build /home/jecs/ros2_ws/build/realsense2_description -- -j8 -l8
[5.326s] DEBUG:colcon.colcon_core.event_handler.log_command:Invoking command in '/home/jecs/ros2_ws/build/realsense2_description': AMENT_PREFIX_PATH=/home/jecs/ros2_ws/install/realsense2_camera_msgs:${AMENT_PREFIX_PATH} CMAKE_PREFIX_PATH=/home/jecs/ros2_ws/install/realsense2_camera_msgs:/opt/ros/humble LD_LIBRARY_PATH=/home/jecs/ros2_ws/install/realsense2_camera_msgs/lib:${LD_LIBRARY_PATH} PYTHONPATH=/home/jecs/ros2_ws/install/realsense2_camera_msgs/local/lib/python3.10/dist-packages:${PYTHONPATH} /usr/bin/cmake --install /home/jecs/ros2_ws/build/realsense2_description
[5.554s] Level 1:colcon.colcon_core.environment:create_environment_scripts_only(realsense2_description)
[5.554s] Level 1:colcon.colcon_core.environment:checking '/home/jecs/ros2_ws/install/realsense2_description' for CMake module files
[5.555s] DEBUG:colcon.colcon_core.event_handler.log_command:Invoked command in '/home/jecs/ros2_ws/build/realsense2_description' returned '0': AMENT_PREFIX_PATH=/home/jecs/ros2_ws/install/realsense2_camera_msgs:${AMENT_PREFIX_PATH} CMAKE_PREFIX_PATH=/home/jecs/ros2_ws/install/realsense2_camera_msgs:/opt/ros/humble LD_LIBRARY_PATH=/home/jecs/ros2_ws/install/realsense2_camera_msgs/lib:${LD_LIBRARY_PATH} PYTHONPATH=/home/jecs/ros2_ws/install/realsense2_camera_msgs/local/lib/python3.10/dist-packages:${PYTHONPATH} /usr/bin/cmake --install /home/jecs/ros2_ws/build/realsense2_description
[5.555s] Level 1:colcon.colcon_core.environment:checking '/home/jecs/ros2_ws/install/realsense2_description' for CMake config files
[5.555s] Level 1:colcon.colcon_core.shell:create_environment_hook('realsense2_description', 'cmake_prefix_path')
[5.555s] INFO:colcon.colcon_core.shell:Creating environment hook '/home/jecs/ros2_ws/install/realsense2_description/share/realsense2_description/hook/cmake_prefix_path.ps1'
[5.556s] INFO:colcon.colcon_core.shell:Creating environment descriptor '/home/jecs/ros2_ws/install/realsense2_description/share/realsense2_description/hook/cmake_prefix_path.dsv'
[5.556s] INFO:colcon.colcon_core.shell:Creating environment hook '/home/jecs/ros2_ws/install/realsense2_description/share/realsense2_description/hook/cmake_prefix_path.sh'
[5.556s] Level 1:colcon.colcon_core.environment:checking '/home/jecs/ros2_ws/install/realsense2_description/bin'
[5.556s] Level 1:colcon.colcon_core.environment:checking '/home/jecs/ros2_ws/install/realsense2_description/lib/pkgconfig/realsense2_description.pc'
[5.557s] Level 1:colcon.colcon_core.environment:checking '/home/jecs/ros2_ws/install/realsense2_description/lib/python3.10/site-packages'
[5.557s] Level 1:colcon.colcon_core.environment:checking '/home/jecs/ros2_ws/install/realsense2_description/bin'
[5.557s] INFO:colcon.colcon_core.shell:Creating package script '/home/jecs/ros2_ws/install/realsense2_description/share/realsense2_description/package.ps1'
[5.557s] INFO:colcon.colcon_core.shell:Creating package descriptor '/home/jecs/ros2_ws/install/realsense2_description/share/realsense2_description/package.dsv'
[5.557s] INFO:colcon.colcon_core.shell:Creating package script '/home/jecs/ros2_ws/install/realsense2_description/share/realsense2_description/package.sh'
[5.558s] INFO:colcon.colcon_core.shell:Creating package script '/home/jecs/ros2_ws/install/realsense2_description/share/realsense2_description/package.bash'
[5.558s] INFO:colcon.colcon_core.shell:Creating package script '/home/jecs/ros2_ws/install/realsense2_description/share/realsense2_description/package.zsh'
[5.558s] Level 1:colcon.colcon_core.environment:create_file_with_runtime_dependencies(/home/jecs/ros2_ws/install/realsense2_description/share/colcon-core/packages/realsense2_description)
[5.559s] Level 1:colcon.colcon_core.environment:create_environment_scripts_only(realsense2_description)
[5.559s] Level 1:colcon.colcon_core.environment:checking '/home/jecs/ros2_ws/install/realsense2_description' for CMake module files
[5.559s] Level 1:colcon.colcon_core.environment:checking '/home/jecs/ros2_ws/install/realsense2_description' for CMake config files
[5.559s] Level 1:colcon.colcon_core.shell:create_environment_hook('realsense2_description', 'cmake_prefix_path')
[5.559s] INFO:colcon.colcon_core.shell:Creating environment hook '/home/jecs/ros2_ws/install/realsense2_description/share/realsense2_description/hook/cmake_prefix_path.ps1'
[5.560s] INFO:colcon.colcon_core.shell:Creating environment descriptor '/home/jecs/ros2_ws/install/realsense2_description/share/realsense2_description/hook/cmake_prefix_path.dsv'
[5.560s] INFO:colcon.colcon_core.shell:Creating environment hook '/home/jecs/ros2_ws/install/realsense2_description/share/realsense2_description/hook/cmake_prefix_path.sh'
[5.560s] Level 1:colcon.colcon_core.environment:checking '/home/jecs/ros2_ws/install/realsense2_description/bin'
[5.560s] Level 1:colcon.colcon_core.environment:checking '/home/jecs/ros2_ws/install/realsense2_description/lib/pkgconfig/realsense2_description.pc'
[5.560s] Level 1:colcon.colcon_core.environment:checking '/home/jecs/ros2_ws/install/realsense2_description/lib/python3.10/site-packages'
[5.560s] Level 1:colcon.colcon_core.environment:checking '/home/jecs/ros2_ws/install/realsense2_description/bin'
[5.561s] INFO:colcon.colcon_core.shell:Creating package script '/home/jecs/ros2_ws/install/realsense2_description/share/realsense2_description/package.ps1'
[5.561s] INFO:colcon.colcon_core.shell:Creating package descriptor '/home/jecs/ros2_ws/install/realsense2_description/share/realsense2_description/package.dsv'
[5.561s] INFO:colcon.colcon_core.shell:Creating package script '/home/jecs/ros2_ws/install/realsense2_description/share/realsense2_description/package.sh'
[5.561s] INFO:colcon.colcon_core.shell:Creating package script '/home/jecs/ros2_ws/install/realsense2_description/share/realsense2_description/package.bash'
[5.562s] INFO:colcon.colcon_core.shell:Creating package script '/home/jecs/ros2_ws/install/realsense2_description/share/realsense2_description/package.zsh'
[5.562s] Level 1:colcon.colcon_core.environment:create_file_with_runtime_dependencies(/home/jecs/ros2_ws/install/realsense2_description/share/colcon-core/packages/realsense2_description)
[5.878s] DEBUG:colcon.colcon_core.event_handler.log_command:Invoked command in '/home/jecs/ros2_ws/build/realsense2_camera' returned '0': AMENT_PREFIX_PATH=/home/jecs/ros2_ws/install/realsense2_camera_msgs:${AMENT_PREFIX_PATH} CMAKE_PREFIX_PATH=/home/jecs/ros2_ws/install/realsense2_camera_msgs:/opt/ros/humble LD_LIBRARY_PATH=/home/jecs/ros2_ws/install/realsense2_camera_msgs/lib:${LD_LIBRARY_PATH} PYTHONPATH=/home/jecs/ros2_ws/install/realsense2_camera_msgs/local/lib/python3.10/dist-packages:${PYTHONPATH} /usr/bin/cmake /home/jecs/ros2_ws/src/realsense-ros/realsense2_camera -DAMENT_CMAKE_SYMLINK_INSTALL=1 -DCMAKE_INSTALL_PREFIX=/home/jecs/ros2_ws/install/realsense2_camera
[5.879s] DEBUG:colcon.colcon_core.event_handler.log_command:Invoking command in '/home/jecs/ros2_ws/build/realsense2_camera': AMENT_PREFIX_PATH=/home/jecs/ros2_ws/install/realsense2_camera_msgs:${AMENT_PREFIX_PATH} CMAKE_PREFIX_PATH=/home/jecs/ros2_ws/install/realsense2_camera_msgs:/opt/ros/humble LD_LIBRARY_PATH=/home/jecs/ros2_ws/install/realsense2_camera_msgs/lib:${LD_LIBRARY_PATH} PYTHONPATH=/home/jecs/ros2_ws/install/realsense2_camera_msgs/local/lib/python3.10/dist-packages:${PYTHONPATH} /usr/bin/cmake --build /home/jecs/ros2_ws/build/realsense2_camera -- -j8 -l8
[25.354s] DEBUG:colcon.colcon_core.event_handler.log_command:Invoked command in '/home/jecs/ros2_ws/build/realsense2_camera' returned '0': AMENT_PREFIX_PATH=/home/jecs/ros2_ws/install/realsense2_camera_msgs:${AMENT_PREFIX_PATH} CMAKE_PREFIX_PATH=/home/jecs/ros2_ws/install/realsense2_camera_msgs:/opt/ros/humble LD_LIBRARY_PATH=/home/jecs/ros2_ws/install/realsense2_camera_msgs/lib:${LD_LIBRARY_PATH} PYTHONPATH=/home/jecs/ros2_ws/install/realsense2_camera_msgs/local/lib/python3.10/dist-packages:${PYTHONPATH} /usr/bin/cmake --build /home/jecs/ros2_ws/build/realsense2_camera -- -j8 -l8
[25.355s] DEBUG:colcon.colcon_core.event_handler.log_command:Invoking command in '/home/jecs/ros2_ws/build/realsense2_camera': AMENT_PREFIX_PATH=/home/jecs/ros2_ws/install/realsense2_camera_msgs:${AMENT_PREFIX_PATH} CMAKE_PREFIX_PATH=/home/jecs/ros2_ws/install/realsense2_camera_msgs:/opt/ros/humble LD_LIBRARY_PATH=/home/jecs/ros2_ws/install/realsense2_camera_msgs/lib:${LD_LIBRARY_PATH} PYTHONPATH=/home/jecs/ros2_ws/install/realsense2_camera_msgs/local/lib/python3.10/dist-packages:${PYTHONPATH} /usr/bin/cmake --install /home/jecs/ros2_ws/build/realsense2_camera
[25.564s] Level 1:colcon.colcon_core.environment:create_environment_scripts_only(realsense2_camera)
[25.565s] Level 1:colcon.colcon_core.environment:checking '/home/jecs/ros2_ws/install/realsense2_camera' for CMake module files
[25.565s] DEBUG:colcon.colcon_core.event_handler.log_command:Invoked command in '/home/jecs/ros2_ws/build/realsense2_camera' returned '0': AMENT_PREFIX_PATH=/home/jecs/ros2_ws/install/realsense2_camera_msgs:${AMENT_PREFIX_PATH} CMAKE_PREFIX_PATH=/home/jecs/ros2_ws/install/realsense2_camera_msgs:/opt/ros/humble LD_LIBRARY_PATH=/home/jecs/ros2_ws/install/realsense2_camera_msgs/lib:${LD_LIBRARY_PATH} PYTHONPATH=/home/jecs/ros2_ws/install/realsense2_camera_msgs/local/lib/python3.10/dist-packages:${PYTHONPATH} /usr/bin/cmake --install /home/jecs/ros2_ws/build/realsense2_camera
[25.565s] Level 1:colcon.colcon_core.environment:checking '/home/jecs/ros2_ws/install/realsense2_camera' for CMake config files
[25.566s] Level 1:colcon.colcon_core.shell:create_environment_hook('realsense2_camera', 'cmake_prefix_path')
[25.566s] INFO:colcon.colcon_core.shell:Creating environment hook '/home/jecs/ros2_ws/install/realsense2_camera/share/realsense2_camera/hook/cmake_prefix_path.ps1'
[25.566s] INFO:colcon.colcon_core.shell:Creating environment descriptor '/home/jecs/ros2_ws/install/realsense2_camera/share/realsense2_camera/hook/cmake_prefix_path.dsv'
[25.566s] INFO:colcon.colcon_core.shell:Creating environment hook '/home/jecs/ros2_ws/install/realsense2_camera/share/realsense2_camera/hook/cmake_prefix_path.sh'
[25.567s] Level 1:colcon.colcon_core.environment:checking '/home/jecs/ros2_ws/install/realsense2_camera/lib'
[25.567s] Level 1:colcon.colcon_core.shell:create_environment_hook('realsense2_camera', 'ld_library_path_lib')
[25.567s] INFO:colcon.colcon_core.shell:Creating environment hook '/home/jecs/ros2_ws/install/realsense2_camera/share/realsense2_camera/hook/ld_library_path_lib.ps1'
[25.567s] INFO:colcon.colcon_core.shell:Creating environment descriptor '/home/jecs/ros2_ws/install/realsense2_camera/share/realsense2_camera/hook/ld_library_path_lib.dsv'
[25.567s] INFO:colcon.colcon_core.shell:Creating environment hook '/home/jecs/ros2_ws/install/realsense2_camera/share/realsense2_camera/hook/ld_library_path_lib.sh'
[25.567s] Level 1:colcon.colcon_core.environment:checking '/home/jecs/ros2_ws/install/realsense2_camera/bin'
[25.567s] Level 1:colcon.colcon_core.environment:checking '/home/jecs/ros2_ws/install/realsense2_camera/lib/pkgconfig/realsense2_camera.pc'
[25.568s] Level 1:colcon.colcon_core.environment:checking '/home/jecs/ros2_ws/install/realsense2_camera/lib/python3.10/site-packages'
[25.568s] Level 1:colcon.colcon_core.environment:checking '/home/jecs/ros2_ws/install/realsense2_camera/bin'
[25.568s] INFO:colcon.colcon_core.shell:Creating package script '/home/jecs/ros2_ws/install/realsense2_camera/share/realsense2_camera/package.ps1'
[25.568s] INFO:colcon.colcon_core.shell:Creating package descriptor '/home/jecs/ros2_ws/install/realsense2_camera/share/realsense2_camera/package.dsv'
[25.568s] INFO:colcon.colcon_core.shell:Creating package script '/home/jecs/ros2_ws/install/realsense2_camera/share/realsense2_camera/package.sh'
[25.569s] INFO:colcon.colcon_core.shell:Creating package script '/home/jecs/ros2_ws/install/realsense2_camera/share/realsense2_camera/package.bash'
[25.569s] INFO:colcon.colcon_core.shell:Creating package script '/home/jecs/ros2_ws/install/realsense2_camera/share/realsense2_camera/package.zsh'
[25.569s] Level 1:colcon.colcon_core.environment:create_file_with_runtime_dependencies(/home/jecs/ros2_ws/install/realsense2_camera/share/colcon-core/packages/realsense2_camera)
[25.569s] Level 1:colcon.colcon_core.environment:create_environment_scripts_only(realsense2_camera)
[25.570s] Level 1:colcon.colcon_core.environment:checking '/home/jecs/ros2_ws/install/realsense2_camera' for CMake module files
[25.570s] Level 1:colcon.colcon_core.environment:checking '/home/jecs/ros2_ws/install/realsense2_camera' for CMake config files
[25.570s] Level 1:colcon.colcon_core.shell:create_environment_hook('realsense2_camera', 'cmake_prefix_path')
[25.570s] INFO:colcon.colcon_core.shell:Creating environment hook '/home/jecs/ros2_ws/install/realsense2_camera/share/realsense2_camera/hook/cmake_prefix_path.ps1'
[25.570s] INFO:colcon.colcon_core.shell:Creating environment descriptor '/home/jecs/ros2_ws/install/realsense2_camera/share/realsense2_camera/hook/cmake_prefix_path.dsv'
[25.571s] INFO:colcon.colcon_core.shell:Creating environment hook '/home/jecs/ros2_ws/install/realsense2_camera/share/realsense2_camera/hook/cmake_prefix_path.sh'
[25.571s] Level 1:colcon.colcon_core.environment:checking '/home/jecs/ros2_ws/install/realsense2_camera/lib'
[25.571s] Level 1:colcon.colcon_core.shell:create_environment_hook('realsense2_camera', 'ld_library_path_lib')
[25.571s] INFO:colcon.colcon_core.shell:Creating environment hook '/home/jecs/ros2_ws/install/realsense2_camera/share/realsense2_camera/hook/ld_library_path_lib.ps1'
[25.571s] INFO:colcon.colcon_core.shell:Creating environment descriptor '/home/jecs/ros2_ws/install/realsense2_camera/share/realsense2_camera/hook/ld_library_path_lib.dsv'
[25.571s] INFO:colcon.colcon_core.shell:Creating environment hook '/home/jecs/ros2_ws/install/realsense2_camera/share/realsense2_camera/hook/ld_library_path_lib.sh'
[25.572s] Level 1:colcon.colcon_core.environment:checking '/home/jecs/ros2_ws/install/realsense2_camera/bin'
[25.572s] Level 1:colcon.colcon_core.environment:checking '/home/jecs/ros2_ws/install/realsense2_camera/lib/pkgconfig/realsense2_camera.pc'
[25.572s] Level 1:colcon.colcon_core.environment:checking '/home/jecs/ros2_ws/install/realsense2_camera/lib/python3.10/site-packages'
[25.572s] Level 1:colcon.colcon_core.environment:checking '/home/jecs/ros2_ws/install/realsense2_camera/bin'
[25.572s] INFO:colcon.colcon_core.shell:Creating package script '/home/jecs/ros2_ws/install/realsense2_camera/share/realsense2_camera/package.ps1'
[25.573s] INFO:colcon.colcon_core.shell:Creating package descriptor '/home/jecs/ros2_ws/install/realsense2_camera/share/realsense2_camera/package.dsv'
[25.573s] INFO:colcon.colcon_core.shell:Creating package script '/home/jecs/ros2_ws/install/realsense2_camera/share/realsense2_camera/package.sh'
[25.573s] INFO:colcon.colcon_core.shell:Creating package script '/home/jecs/ros2_ws/install/realsense2_camera/share/realsense2_camera/package.bash'
[25.573s] INFO:colcon.colcon_core.shell:Creating package script '/home/jecs/ros2_ws/install/realsense2_camera/share/realsense2_camera/package.zsh'
[25.574s] Level 1:colcon.colcon_core.environment:create_file_with_runtime_dependencies(/home/jecs/ros2_ws/install/realsense2_camera/share/colcon-core/packages/realsense2_camera)
[25.574s] DEBUG:colcon.colcon_parallel_executor.executor.parallel:closing loop
[25.574s] DEBUG:colcon.colcon_parallel_executor.executor.parallel:loop closed
[25.574s] DEBUG:colcon.colcon_parallel_executor.executor.parallel:run_until_complete finished with '0'
[25.574s] DEBUG:colcon.colcon_core.event_reactor:joining thread
[25.578s] INFO:colcon.colcon_core.plugin_system:Skipping extension 'colcon_notification.desktop_notification.terminal_notifier': Not used on non-Darwin systems
[25.578s] INFO:colcon.colcon_core.plugin_system:Skipping extension 'colcon_notification.desktop_notification.win32': Not used on non-Windows systems
[25.578s] INFO:colcon.colcon_notification.desktop_notification:Sending desktop notification using 'notify2'
[25.586s] DEBUG:colcon.colcon_core.event_reactor:joined thread
[25.586s] INFO:colcon.colcon_core.shell:Creating prefix script '/home/jecs/ros2_ws/install/local_setup.ps1'
[25.587s] INFO:colcon.colcon_core.shell:Creating prefix util module '/home/jecs/ros2_ws/install/_local_setup_util_ps1.py'
[25.588s] INFO:colcon.colcon_core.shell:Creating prefix chain script '/home/jecs/ros2_ws/install/setup.ps1'
[25.589s] INFO:colcon.colcon_core.shell:Creating prefix script '/home/jecs/ros2_ws/install/local_setup.sh'
[25.590s] INFO:colcon.colcon_core.shell:Creating prefix util module '/home/jecs/ros2_ws/install/_local_setup_util_sh.py'
[25.590s] INFO:colcon.colcon_core.shell:Creating prefix chain script '/home/jecs/ros2_ws/install/setup.sh'
[25.591s] INFO:colcon.colcon_core.shell:Creating prefix script '/home/jecs/ros2_ws/install/local_setup.bash'
[25.591s] INFO:colcon.colcon_core.shell:Creating prefix chain script '/home/jecs/ros2_ws/install/setup.bash'
[25.592s] INFO:colcon.colcon_core.shell:Creating prefix script '/home/jecs/ros2_ws/install/local_setup.zsh'
[25.592s] INFO:colcon.colcon_core.shell:Creating prefix chain script '/home/jecs/ros2_ws/install/setup.zsh'
